#
# A fatal error has been detected by the Java Runtime Environment:
#
#  EXCEPTION_ACCESS_VIOLATION (0xc0000005) at pc=0x00007ffee2c4a815, pid=7436, tid=13264
#
# JRE version: OpenJDK Runtime Environment (17.0.0.1+2) (build 17.0.0.1+2-3)
# Java VM: OpenJDK 64-Bit Server VM (17.0.0.1+2-3, mixed mode, sharing, tiered, compressed oops, compressed class ptrs, g1 gc, windows-amd64)
# Problematic frame:
# V  [jvm.dll+0x55a815]
#
# No core dump will be written. Minidumps are not enabled by default on client versions of Windows
#
# If you would like to submit a bug report, please visit:
#   https://bugreport.java.com/bugreport/crash.jsp
#

---------------  S U M M A R Y ------------

Command Line: --add-opens=java.base/java.util=ALL-UNNAMED --add-opens=java.base/java.lang=ALL-UNNAMED --add-opens=java.base/java.lang.invoke=ALL-UNNAMED --add-opens=java.prefs/java.util.prefs=ALL-UNNAMED --add-opens=java.base/java.nio.charset=ALL-UNNAMED --add-opens=java.base/java.net=ALL-UNNAMED --add-opens=java.base/java.util.concurrent.atomic=ALL-UNNAMED -XX:MaxMetaspaceSize=384m -XX:+HeapDumpOnOutOfMemoryError -Xms256m -Xmx512m -Dfile.encoding=UTF-8 -Duser.country=KR -Duser.language=ko -Duser.variant -javaagent:C:\Users\15UD5.N-GR56K\.gradle\wrapper\dists\gradle-8.8-bin\dl7vupf4psengwqhwktix4v1\gradle-8.8\lib\agents\gradle-instrumentation-agent-8.8.jar org.gradle.launcher.daemon.bootstrap.GradleDaemon 8.8

Host: Intel(R) Core(TM) i5-10210U CPU @ 1.60GHz, 8 cores, 15G,  Windows 10 , 64 bit Build 26100 (10.0.26100.7920)
Time: Wed Apr  1 17:40:16 2026  Windows 10 , 64 bit Build 26100 (10.0.26100.7920) elapsed time: 2.257002 seconds (0d 0h 0m 2s)

---------------  T H R E A D  ---------------

Current thread (0x000001fade3fd200):  JavaThread "C2 CompilerThread2" daemon [_thread_in_native, id=13264, stack(0x000000f731f00000,0x000000f732000000)]


Current CompileTask:
C2:   2257 2082       4       jdk.internal.org.objectweb.asm.Frame::execute (2305 bytes)

Stack: [0x000000f731f00000,0x000000f732000000],  sp=0x000000f731ffb680,  free space=1005k
Native frames: (J=compiled Java code, j=interpreted, Vv=VM code, C=native code)
V  [jvm.dll+0x55a815]
V  [jvm.dll+0x55b023]
V  [jvm.dll+0x1b9a1d]
V  [jvm.dll+0x215df9]
V  [jvm.dll+0x2150c1]
V  [jvm.dll+0x1a168d]
V  [jvm.dll+0x2248f8]
V  [jvm.dll+0x222a5c]
V  [jvm.dll+0x78422b]
V  [jvm.dll+0x77e7ea]
V  [jvm.dll+0x66e715]
C  [ucrtbase.dll+0x37b0]
C  [KERNEL32.DLL+0x2e8d7]
C  [ntdll.dll+0x8c48c]


siginfo: EXCEPTION_ACCESS_VIOLATION (0xc0000005), reading address 0xffffffffffffffff


Register to memory mapping:

RIP=0x00007ffee2c4a815 jvm.dll
RAX=0x000001fae0af4528 points into unknown readable memory: 0x000001fae1e1f260 | 60 f2 e1 e1 fa 01 00 00
RBX=0x0000000000001bca is an unknown value
RCX=0x000000000000000a is an unknown value
RDX=0x08007ffee31db378 is an unknown value
RSP=0x000000f731ffb680 is pointing into the stack for thread: 0x000001fade3fd200
RBP=0x0000000000000400 is an unknown value
RSI=0x0000000000000003 is an unknown value
RDI=0x000001fae0a0d7c0 points into unknown readable memory: 0x0000001800000003 | 03 00 00 00 18 00 00 00
R8 =0x00007ffee31db378 jvm.dll
R9 =0x0000000000000004 is an unknown value
R10=0x0000000000000003 is an unknown value
R11=0x000001fae1e1f340 points into unknown readable memory: 0x000000000000000c | 0c 00 00 00 00 00 00 00
R12=0x000001fae21566f0 points into unknown readable memory: 0x0000000000000000 | 00 00 00 00 00 00 00 00
R13=0x000000f731ffb930 is pointing into the stack for thread: 0x000001fade3fd200
R14=0x00000000000000d8 is an unknown value
R15=0x000001fae1d0c5e0 points into unknown readable memory: 0x0000001800000003 | 03 00 00 00 18 00 00 00


Registers:
RAX=0x000001fae0af4528, RBX=0x0000000000001bca, RCX=0x000000000000000a, RDX=0x08007ffee31db378
RSP=0x000000f731ffb680, RBP=0x0000000000000400, RSI=0x0000000000000003, RDI=0x000001fae0a0d7c0
R8 =0x00007ffee31db378, R9 =0x0000000000000004, R10=0x0000000000000003, R11=0x000001fae1e1f340
R12=0x000001fae21566f0, R13=0x000000f731ffb930, R14=0x00000000000000d8, R15=0x000001fae1d0c5e0
RIP=0x00007ffee2c4a815, EFLAGS=0x0000000000010206

Top of Stack: (sp=0x000000f731ffb680)
0x000000f731ffb680:   0000000000000003 000001fae0a0d7c0
0x000000f731ffb690:   000000f731ffe5b0 000000f731ffb930
0x000000f731ffb6a0:   0000000000000000 0000000400001bca
0x000000f731ffb6b0:   000000200000001c 000001fae1e1f280
0x000000f731ffb6c0:   000001fae096d978 000001fae0a140b0
0x000000f731ffb6d0:   000001fae2156970 000001fade194628
0x000000f731ffb6e0:   0000000000000001 000000f731ffb930
0x000000f731ffb6f0:   000001fae0a140b0 0000000000000001
0x000000f731ffb700:   0000000000000008 0000000000000000
0x000000f731ffb710:   000001fadf043970 00007ffee2c4b023
0x000000f731ffb720:   000001fae21566f0 000001fade194628
0x000000f731ffb730:   0000000000000000 000000f731ffb788
0x000000f731ffb740:   000001fade0c6e40 0000000000000018
0x000000f731ffb750:   000001fae0a140b0 0000000000000008
0x000000f731ffb760:   000001fade26f890 000001fae1aee9c0
0x000000f731ffb770:   00000000002dd0c0 000001fae1af4f70 

Instructions: (pc=0x00007ffee2c4a815)
0x00007ffee2c4a715:   4a 8b 1c d8 48 89 9c 24 b0 00 00 00 48 85 db 74
0x00007ffee2c4a725:   05 48 8b fb eb 08 e8 40 0f 00 00 48 8b f8 83 3e
0x00007ffee2c4a735:   00 0f 84 6f 01 00 00 48 8b 46 08 4c 8d 05 31 0c
0x00007ffee2c4a745:   59 00 8b 4e 04 33 d2 4c 8b a4 24 a0 00 00 00 8b
0x00007ffee2c4a755:   da 48 89 54 24 20 89 54 24 28 48 89 54 24 38 48
0x00007ffee2c4a765:   89 44 24 40 48 c7 44 24 2c 04 00 00 00 89 4c 24
0x00007ffee2c4a775:   34 48 89 74 24 48 4c 89 74 24 60 48 85 d2 74 19
0x00007ffee2c4a785:   48 0f bc c2 8b c8 48 d3 ea 48 ff ca 03 d8 48 89
0x00007ffee2c4a795:   54 24 20 89 5c 24 28 eb 28 83 7c 24 2c 04 72 0e
0x00007ffee2c4a7a5:   8b 44 24 34 39 44 24 30 0f 83 db 00 00 00 48 8d
0x00007ffee2c4a7b5:   4c 24 20 e8 63 a0 e0 ff 8b d8 4c 8d 05 b2 0b 59
0x00007ffee2c4a7c5:   00 85 db 0f 84 c0 00 00 00 8b c3 48 c1 e8 08 8b
0x00007ffee2c4a7d5:   f3 4c 8d 34 c5 00 00 00 00 49 8b 47 08 49 8b 14
0x00007ffee2c4a7e5:   06 49 3b d0 75 14 8b d3 49 8b cf e8 eb a1 e0 ff
0x00007ffee2c4a7f5:   48 8b d0 4c 8d 05 79 0b 59 00 40 0f b6 ce bd 01
0x00007ffee2c4a805:   00 00 00 48 c1 ee 06 80 e1 3f 83 e6 03 48 d3 e5
0x00007ffee2c4a815:   48 8b 0c f2 48 8b c1 48 0b c5 48 89 04 f2 48 85
0x00007ffee2c4a825:   cd 75 48 41 ff 07 49 8b 44 24 08 4a 8b 0c 30 48
0x00007ffee2c4a835:   85 2c f1 75 36 48 8b 47 08 49 8b 14 06 49 3b d0
0x00007ffee2c4a845:   75 14 8b d3 48 8b cf e8 8f a1 e0 ff 48 8b d0 4c
0x00007ffee2c4a855:   8d 05 1d 0b 59 00 48 8b 0c f2 48 8b c1 48 0b c5
0x00007ffee2c4a865:   48 89 04 f2 48 85 cd 74 10 66 90 8b 5c 24 28 48
0x00007ffee2c4a875:   8b 54 24 20 e9 02 ff ff ff ff 07 8b 5c 24 28 48
0x00007ffee2c4a885:   8b 54 24 20 e9 f2 fe ff ff 4c 8b a4 24 a8 00 00
0x00007ffee2c4a895:   00 48 8b 9c 24 b0 00 00 00 48 8b ac 24 b8 00 00
0x00007ffee2c4a8a5:   00 4c 8b 74 24 60 83 3f 00 4c 8b 7c 24 58 48 8b
0x00007ffee2c4a8b5:   74 24 68 74 4b 41 8b 4c 24 4c 49 8b 45 28 ff c9
0x00007ffee2c4a8c5:   48 89 3c c8 48 85 db 75 46 41 8b 4c 24 4c 8b c1
0x00007ffee2c4a8d5:   c1 e8 05 3b 45 00 73 37 8b d0 83 e1 1f 48 8b 45
0x00007ffee2c4a8e5:   08 8b 04 90 0f a3 c8 73 26 49 8b 4d 38 49 8b d4
0x00007ffee2c4a8f5:   48 83 c4 70 41 5d 41 5c 5f 5d 5b e9 5b 3f bc ff
0x00007ffee2c4a905:   49 8b 45 30 48 89 87 98 00 00 00 49 89 7d 30 48 


Stack slot to memory mapping:
stack at sp + 0 slots: 0x0000000000000003 is an unknown value
stack at sp + 1 slots: 0x000001fae0a0d7c0 points into unknown readable memory: 0x0000001800000003 | 03 00 00 00 18 00 00 00
stack at sp + 2 slots: 0x000000f731ffe5b0 is pointing into the stack for thread: 0x000001fade3fd200
stack at sp + 3 slots: 0x000000f731ffb930 is pointing into the stack for thread: 0x000001fade3fd200
stack at sp + 4 slots: 0x0 is NULL
stack at sp + 5 slots: 0x0000000400001bca is an unknown value
stack at sp + 6 slots: 0x000000200000001c is an unknown value
stack at sp + 7 slots: 0x000001fae1e1f280 points into unknown readable memory: 0x0000000000000000 | 00 00 00 00 00 00 00 00


---------------  P R O C E S S  ---------------

Threads class SMR info:
_java_thread_list=0x000001fae024f5b0, length=27, elements={
0x000001fac2da17e0, 0x000001fadd5d5690, 0x000001fadd5d6150, 0x000001fadd5eeaf0,
0x000001fadd5f17c0, 0x000001fadd5f2080, 0x000001fadd5f3950, 0x000001fadd5f4540,
0x000001fadd5f55e0, 0x000001fadd5f5ee0, 0x000001fadd5c1760, 0x000001fade15d020,
0x000001fade3fccf0, 0x000001fade3fd200, 0x000001fade7a7950, 0x000001fadff55ab0,
0x000001fadec5aad0, 0x000001fadf8a6ed0, 0x000001fae006bd70, 0x000001fadea45130,
0x000001fadfdc39f0, 0x000001fadf8b2e00, 0x000001fae00ce410, 0x000001fae00d00f0,
0x000001fae00cfc20, 0x000001fae00cdf40, 0x000001fae00ce8e0
}

Java Threads: ( => current thread )
  0x000001fac2da17e0 JavaThread "main" [_thread_blocked, id=5436, stack(0x000000f730b00000,0x000000f730c00000)]
  0x000001fadd5d5690 JavaThread "Reference Handler" daemon [_thread_blocked, id=15344, stack(0x000000f731200000,0x000000f731300000)]
  0x000001fadd5d6150 JavaThread "Finalizer" daemon [_thread_blocked, id=11660, stack(0x000000f731300000,0x000000f731400000)]
  0x000001fadd5eeaf0 JavaThread "Signal Dispatcher" daemon [_thread_blocked, id=11492, stack(0x000000f731400000,0x000000f731500000)]
  0x000001fadd5f17c0 JavaThread "Attach Listener" daemon [_thread_blocked, id=13004, stack(0x000000f731500000,0x000000f731600000)]
  0x000001fadd5f2080 JavaThread "Service Thread" daemon [_thread_blocked, id=13600, stack(0x000000f731600000,0x000000f731700000)]
  0x000001fadd5f3950 JavaThread "Monitor Deflation Thread" daemon [_thread_blocked, id=6636, stack(0x000000f731700000,0x000000f731800000)]
  0x000001fadd5f4540 JavaThread "C2 CompilerThread0" daemon [_thread_in_native, id=13336, stack(0x000000f731800000,0x000000f731900000)]
  0x000001fadd5f55e0 JavaThread "C1 CompilerThread0" daemon [_thread_blocked, id=1224, stack(0x000000f731900000,0x000000f731a00000)]
  0x000001fadd5f5ee0 JavaThread "Sweeper thread" daemon [_thread_blocked, id=4472, stack(0x000000f731a00000,0x000000f731b00000)]
  0x000001fadd5c1760 JavaThread "Common-Cleaner" daemon [_thread_blocked, id=4804, stack(0x000000f731b00000,0x000000f731c00000)]
  0x000001fade15d020 JavaThread "Notification Thread" daemon [_thread_blocked, id=1960, stack(0x000000f731c00000,0x000000f731d00000)]
  0x000001fade3fccf0 JavaThread "C2 CompilerThread1" daemon [_thread_in_native, id=14268, stack(0x000000f731e00000,0x000000f731f00000)]
=>0x000001fade3fd200 JavaThread "C2 CompilerThread2" daemon [_thread_in_native, id=13264, stack(0x000000f731f00000,0x000000f732000000)]
  0x000001fade7a7950 JavaThread "Daemon health stats" [_thread_blocked, id=14328, stack(0x000000f732500000,0x000000f732600000)]
  0x000001fadff55ab0 JavaThread "Incoming local TCP Connector on port 50506" [_thread_in_native, id=2456, stack(0x000000f732600000,0x000000f732700000)]
  0x000001fadec5aad0 JavaThread "Daemon periodic checks" [_thread_blocked, id=13100, stack(0x000000f732700000,0x000000f732800000)]
  0x000001fadf8a6ed0 JavaThread "Daemon" [_thread_blocked, id=7800, stack(0x000000f732800000,0x000000f732900000)]
  0x000001fae006bd70 JavaThread "Handler for socket connection from /127.0.0.1:50506 to /127.0.0.1:50507" [_thread_in_native, id=6688, stack(0x000000f732900000,0x000000f732a00000)]
  0x000001fadea45130 JavaThread "Cancel handler" [_thread_blocked, id=2888, stack(0x000000f732a00000,0x000000f732b00000)]
  0x000001fadfdc39f0 JavaThread "Daemon worker" [_thread_in_vm, id=13272, stack(0x000000f732b00000,0x000000f732c00000)]
  0x000001fadf8b2e00 JavaThread "Asynchronous log dispatcher for DefaultDaemonConnection: socket connection from /127.0.0.1:50506 to /127.0.0.1:50507" [_thread_blocked, id=8424, stack(0x000000f732c00000,0x000000f732d00000)]
  0x000001fae00ce410 JavaThread "Stdin handler" [_thread_blocked, id=11604, stack(0x000000f732d00000,0x000000f732e00000)]
  0x000001fae00d00f0 JavaThread "Daemon client event forwarder" [_thread_blocked, id=6440, stack(0x000000f732e00000,0x000000f732f00000)]
  0x000001fae00cfc20 JavaThread "Cache worker for journal cache (C:\Users\15UD5.N-GR56K\.gradle\caches\journal-1)" [_thread_blocked, id=1100, stack(0x000000f732f00000,0x000000f733000000)]
  0x000001fae00cdf40 JavaThread "File lock request listener" [_thread_in_native, id=7896, stack(0x000000f733000000,0x000000f733100000)]
  0x000001fae00ce8e0 JavaThread "Cache worker for file hash cache (C:\Users\15UD5.N-GR56K\.gradle\caches\8.8\fileHashes)" [_thread_blocked, id=524, stack(0x000000f733100000,0x000000f733200000)]

Other Threads:
  0x000001fadd5ce490 VMThread "VM Thread" [stack: 0x000000f731100000,0x000000f731200000] [id=7656]
  0x000001fac2df1550 WatcherThread [stack: 0x000000f731d00000,0x000000f731e00000] [id=8672]
  0x000001fac2dca6a0 GCTaskThread "GC Thread#0" [stack: 0x000000f730c00000,0x000000f730d00000] [id=6096]
  0x000001faded13640 GCTaskThread "GC Thread#1" [stack: 0x000000f732000000,0x000000f732100000] [id=11608]
  0x000001fadebfea70 GCTaskThread "GC Thread#2" [stack: 0x000000f732100000,0x000000f732200000] [id=11220]
  0x000001fadebfed20 GCTaskThread "GC Thread#3" [stack: 0x000000f732200000,0x000000f732300000] [id=7976]
  0x000001fade5c87d0 GCTaskThread "GC Thread#4" [stack: 0x000000f732300000,0x000000f732400000] [id=6740]
  0x000001fade5c8a80 GCTaskThread "GC Thread#5" [stack: 0x000000f732400000,0x000000f732500000] [id=4752]
  0x000001fac2dcf4f0 ConcurrentGCThread "G1 Main Marker" [stack: 0x000000f730d00000,0x000000f730e00000] [id=2088]
  0x000001fac2dcfe10 ConcurrentGCThread "G1 Conc#0" [stack: 0x000000f730e00000,0x000000f730f00000] [id=8224]
  0x000001fac2e6db40 ConcurrentGCThread "G1 Refine#0" [stack: 0x000000f730f00000,0x000000f731000000] [id=3488]
  0x000001fac2e6eb20 ConcurrentGCThread "G1 Service" [stack: 0x000000f731000000,0x000000f731100000] [id=1348]

Threads with active compile tasks:
C2 CompilerThread0     2320 2225   !   4       java.security.AccessController::doPrivileged (26 bytes)
C2 CompilerThread1     2320 2202   !   4       java.lang.ClassLoader::loadClass (121 bytes)
C2 CompilerThread2     2320 2082       4       jdk.internal.org.objectweb.asm.Frame::execute (2305 bytes)

VM state: not at safepoint (normal execution)

VM Mutex/Monitor currently owned by a thread: None

Heap address: 0x00000000e0000000, size: 512 MB, Compressed Oops mode: 32-bit

CDS archive(s) mapped at: [0x0000000800000000-0x0000000800bc0000-0x0000000800bc0000), size 12320768, SharedBaseAddress: 0x0000000800000000, ArchiveRelocationMode: 0.
Compressed class space mapped at: 0x0000000800c00000-0x0000000814000000, reserved size: 322961408
Narrow klass base: 0x0000000800000000, Narrow klass shift: 0, Narrow klass range: 0x100000000

GC Precious Log:
 CPUs: 8 total, 8 available
 Memory: 16253M
 Large Page Support: Disabled
 NUMA Support: Disabled
 Compressed Oops: Enabled (32-bit)
 Heap Region Size: 1M
 Heap Min Capacity: 256M
 Heap Initial Capacity: 256M
 Heap Max Capacity: 512M
 Pre-touch: Disabled
 Parallel Workers: 8
 Concurrent Workers: 2
 Concurrent Refinement Workers: 8
 Periodic GC: Disabled

Heap:
 garbage-first heap   total 262144K, used 115221K [0x00000000e0000000, 0x0000000100000000)
  region size 1024K, 103 young (105472K), 2 survivors (2048K)
 Metaspace       used 15790K, committed 16064K, reserved 331776K
  class space    used 2244K, committed 2368K, reserved 315392K

Heap Regions: E=young(eden), S=young(survivor), O=old, HS=humongous(starts), HC=humongous(continues), CS=collection set, F=free, OA=open archive, CA=closed archive, TAMS=top-at-mark-start (previous, next)
|   0|0x00000000e0000000, 0x00000000e0100000, 0x00000000e0100000|100%|HS|  |TAMS 0x00000000e0000000, 0x00000000e0000000| Complete 
|   1|0x00000000e0100000, 0x00000000e0200000, 0x00000000e0200000|100%|HC|  |TAMS 0x00000000e0100000, 0x00000000e0100000| Complete 
|   2|0x00000000e0200000, 0x00000000e0300000, 0x00000000e0300000|100%|HC|  |TAMS 0x00000000e0200000, 0x00000000e0200000| Complete 
|   3|0x00000000e0300000, 0x00000000e0400000, 0x00000000e0400000|100%|HC|  |TAMS 0x00000000e0300000, 0x00000000e0300000| Complete 
|   4|0x00000000e0400000, 0x00000000e0500000, 0x00000000e0500000|100%| O|  |TAMS 0x00000000e0400000, 0x00000000e0400000| Untracked 
|   5|0x00000000e0500000, 0x00000000e0600000, 0x00000000e0600000|100%| O|  |TAMS 0x00000000e0500000, 0x00000000e0500000| Untracked 
|   6|0x00000000e0600000, 0x00000000e0700000, 0x00000000e0700000|100%| O|  |TAMS 0x00000000e0600000, 0x00000000e0600000| Untracked 
|   7|0x00000000e0700000, 0x00000000e0800000, 0x00000000e0800000|100%| O|  |TAMS 0x00000000e0700000, 0x00000000e0700000| Untracked 
|   8|0x00000000e0800000, 0x00000000e0900000, 0x00000000e0900000|100%| O|  |TAMS 0x00000000e0800000, 0x00000000e0800000| Untracked 
|   9|0x00000000e0900000, 0x00000000e0a00000, 0x00000000e0a00000|100%| O|  |TAMS 0x00000000e0900000, 0x00000000e0900000| Untracked 
|  10|0x00000000e0a00000, 0x00000000e0a63e00, 0x00000000e0b00000| 39%| O|  |TAMS 0x00000000e0a00000, 0x00000000e0a00000| Untracked 
|  11|0x00000000e0b00000, 0x00000000e0c00000, 0x00000000e0c00000|100%|HS|  |TAMS 0x00000000e0b00000, 0x00000000e0b00000| Complete 
|  12|0x00000000e0c00000, 0x00000000e0d00000, 0x00000000e0d00000|100%|HS|  |TAMS 0x00000000e0c00000, 0x00000000e0c00000| Complete 
|  13|0x00000000e0d00000, 0x00000000e0d00000, 0x00000000e0e00000|  0%| F|  |TAMS 0x00000000e0d00000, 0x00000000e0d00000| Untracked 
|  14|0x00000000e0e00000, 0x00000000e0e00000, 0x00000000e0f00000|  0%| F|  |TAMS 0x00000000e0e00000, 0x00000000e0e00000| Untracked 
|  15|0x00000000e0f00000, 0x00000000e0f00000, 0x00000000e1000000|  0%| F|  |TAMS 0x00000000e0f00000, 0x00000000e0f00000| Untracked 
|  16|0x00000000e1000000, 0x00000000e1000000, 0x00000000e1100000|  0%| F|  |TAMS 0x00000000e1000000, 0x00000000e1000000| Untracked 
|  17|0x00000000e1100000, 0x00000000e1100000, 0x00000000e1200000|  0%| F|  |TAMS 0x00000000e1100000, 0x00000000e1100000| Untracked 
|  18|0x00000000e1200000, 0x00000000e1200000, 0x00000000e1300000|  0%| F|  |TAMS 0x00000000e1200000, 0x00000000e1200000| Untracked 
|  19|0x00000000e1300000, 0x00000000e1300000, 0x00000000e1400000|  0%| F|  |TAMS 0x00000000e1300000, 0x00000000e1300000| Untracked 
|  20|0x00000000e1400000, 0x00000000e1400000, 0x00000000e1500000|  0%| F|  |TAMS 0x00000000e1400000, 0x00000000e1400000| Untracked 
|  21|0x00000000e1500000, 0x00000000e1500000, 0x00000000e1600000|  0%| F|  |TAMS 0x00000000e1500000, 0x00000000e1500000| Untracked 
|  22|0x00000000e1600000, 0x00000000e1600000, 0x00000000e1700000|  0%| F|  |TAMS 0x00000000e1600000, 0x00000000e1600000| Untracked 
|  23|0x00000000e1700000, 0x00000000e1700000, 0x00000000e1800000|  0%| F|  |TAMS 0x00000000e1700000, 0x00000000e1700000| Untracked 
|  24|0x00000000e1800000, 0x00000000e1800000, 0x00000000e1900000|  0%| F|  |TAMS 0x00000000e1800000, 0x00000000e1800000| Untracked 
|  25|0x00000000e1900000, 0x00000000e1900000, 0x00000000e1a00000|  0%| F|  |TAMS 0x00000000e1900000, 0x00000000e1900000| Untracked 
|  26|0x00000000e1a00000, 0x00000000e1a00000, 0x00000000e1b00000|  0%| F|  |TAMS 0x00000000e1a00000, 0x00000000e1a00000| Untracked 
|  27|0x00000000e1b00000, 0x00000000e1b00000, 0x00000000e1c00000|  0%| F|  |TAMS 0x00000000e1b00000, 0x00000000e1b00000| Untracked 
|  28|0x00000000e1c00000, 0x00000000e1c00000, 0x00000000e1d00000|  0%| F|  |TAMS 0x00000000e1c00000, 0x00000000e1c00000| Untracked 
|  29|0x00000000e1d00000, 0x00000000e1d00000, 0x00000000e1e00000|  0%| F|  |TAMS 0x00000000e1d00000, 0x00000000e1d00000| Untracked 
|  30|0x00000000e1e00000, 0x00000000e1e00000, 0x00000000e1f00000|  0%| F|  |TAMS 0x00000000e1e00000, 0x00000000e1e00000| Untracked 
|  31|0x00000000e1f00000, 0x00000000e1f00000, 0x00000000e2000000|  0%| F|  |TAMS 0x00000000e1f00000, 0x00000000e1f00000| Untracked 
|  32|0x00000000e2000000, 0x00000000e2000000, 0x00000000e2100000|  0%| F|  |TAMS 0x00000000e2000000, 0x00000000e2000000| Untracked 
|  33|0x00000000e2100000, 0x00000000e2100000, 0x00000000e2200000|  0%| F|  |TAMS 0x00000000e2100000, 0x00000000e2100000| Untracked 
|  34|0x00000000e2200000, 0x00000000e2200000, 0x00000000e2300000|  0%| F|  |TAMS 0x00000000e2200000, 0x00000000e2200000| Untracked 
|  35|0x00000000e2300000, 0x00000000e2300000, 0x00000000e2400000|  0%| F|  |TAMS 0x00000000e2300000, 0x00000000e2300000| Untracked 
|  36|0x00000000e2400000, 0x00000000e2400000, 0x00000000e2500000|  0%| F|  |TAMS 0x00000000e2400000, 0x00000000e2400000| Untracked 
|  37|0x00000000e2500000, 0x00000000e2500000, 0x00000000e2600000|  0%| F|  |TAMS 0x00000000e2500000, 0x00000000e2500000| Untracked 
|  38|0x00000000e2600000, 0x00000000e2600000, 0x00000000e2700000|  0%| F|  |TAMS 0x00000000e2600000, 0x00000000e2600000| Untracked 
|  39|0x00000000e2700000, 0x00000000e2700000, 0x00000000e2800000|  0%| F|  |TAMS 0x00000000e2700000, 0x00000000e2700000| Untracked 
|  40|0x00000000e2800000, 0x00000000e2800000, 0x00000000e2900000|  0%| F|  |TAMS 0x00000000e2800000, 0x00000000e2800000| Untracked 
|  41|0x00000000e2900000, 0x00000000e2900000, 0x00000000e2a00000|  0%| F|  |TAMS 0x00000000e2900000, 0x00000000e2900000| Untracked 
|  42|0x00000000e2a00000, 0x00000000e2a00000, 0x00000000e2b00000|  0%| F|  |TAMS 0x00000000e2a00000, 0x00000000e2a00000| Untracked 
|  43|0x00000000e2b00000, 0x00000000e2b00000, 0x00000000e2c00000|  0%| F|  |TAMS 0x00000000e2b00000, 0x00000000e2b00000| Untracked 
|  44|0x00000000e2c00000, 0x00000000e2c00000, 0x00000000e2d00000|  0%| F|  |TAMS 0x00000000e2c00000, 0x00000000e2c00000| Untracked 
|  45|0x00000000e2d00000, 0x00000000e2d00000, 0x00000000e2e00000|  0%| F|  |TAMS 0x00000000e2d00000, 0x00000000e2d00000| Untracked 
|  46|0x00000000e2e00000, 0x00000000e2e00000, 0x00000000e2f00000|  0%| F|  |TAMS 0x00000000e2e00000, 0x00000000e2e00000| Untracked 
|  47|0x00000000e2f00000, 0x00000000e2f00000, 0x00000000e3000000|  0%| F|  |TAMS 0x00000000e2f00000, 0x00000000e2f00000| Untracked 
|  48|0x00000000e3000000, 0x00000000e3000000, 0x00000000e3100000|  0%| F|  |TAMS 0x00000000e3000000, 0x00000000e3000000| Untracked 
|  49|0x00000000e3100000, 0x00000000e3100000, 0x00000000e3200000|  0%| F|  |TAMS 0x00000000e3100000, 0x00000000e3100000| Untracked 
|  50|0x00000000e3200000, 0x00000000e3200000, 0x00000000e3300000|  0%| F|  |TAMS 0x00000000e3200000, 0x00000000e3200000| Untracked 
|  51|0x00000000e3300000, 0x00000000e3300000, 0x00000000e3400000|  0%| F|  |TAMS 0x00000000e3300000, 0x00000000e3300000| Untracked 
|  52|0x00000000e3400000, 0x00000000e3400000, 0x00000000e3500000|  0%| F|  |TAMS 0x00000000e3400000, 0x00000000e3400000| Untracked 
|  53|0x00000000e3500000, 0x00000000e3500000, 0x00000000e3600000|  0%| F|  |TAMS 0x00000000e3500000, 0x00000000e3500000| Untracked 
|  54|0x00000000e3600000, 0x00000000e3600000, 0x00000000e3700000|  0%| F|  |TAMS 0x00000000e3600000, 0x00000000e3600000| Untracked 
|  55|0x00000000e3700000, 0x00000000e3700000, 0x00000000e3800000|  0%| F|  |TAMS 0x00000000e3700000, 0x00000000e3700000| Untracked 
|  56|0x00000000e3800000, 0x00000000e3800000, 0x00000000e3900000|  0%| F|  |TAMS 0x00000000e3800000, 0x00000000e3800000| Untracked 
|  57|0x00000000e3900000, 0x00000000e3900000, 0x00000000e3a00000|  0%| F|  |TAMS 0x00000000e3900000, 0x00000000e3900000| Untracked 
|  58|0x00000000e3a00000, 0x00000000e3a00000, 0x00000000e3b00000|  0%| F|  |TAMS 0x00000000e3a00000, 0x00000000e3a00000| Untracked 
|  59|0x00000000e3b00000, 0x00000000e3b00000, 0x00000000e3c00000|  0%| F|  |TAMS 0x00000000e3b00000, 0x00000000e3b00000| Untracked 
|  60|0x00000000e3c00000, 0x00000000e3c00000, 0x00000000e3d00000|  0%| F|  |TAMS 0x00000000e3c00000, 0x00000000e3c00000| Untracked 
|  61|0x00000000e3d00000, 0x00000000e3d00000, 0x00000000e3e00000|  0%| F|  |TAMS 0x00000000e3d00000, 0x00000000e3d00000| Untracked 
|  62|0x00000000e3e00000, 0x00000000e3e00000, 0x00000000e3f00000|  0%| F|  |TAMS 0x00000000e3e00000, 0x00000000e3e00000| Untracked 
|  63|0x00000000e3f00000, 0x00000000e3f00000, 0x00000000e4000000|  0%| F|  |TAMS 0x00000000e3f00000, 0x00000000e3f00000| Untracked 
|  64|0x00000000e4000000, 0x00000000e4000000, 0x00000000e4100000|  0%| F|  |TAMS 0x00000000e4000000, 0x00000000e4000000| Untracked 
|  65|0x00000000e4100000, 0x00000000e4100000, 0x00000000e4200000|  0%| F|  |TAMS 0x00000000e4100000, 0x00000000e4100000| Untracked 
|  66|0x00000000e4200000, 0x00000000e4200000, 0x00000000e4300000|  0%| F|  |TAMS 0x00000000e4200000, 0x00000000e4200000| Untracked 
|  67|0x00000000e4300000, 0x00000000e4300000, 0x00000000e4400000|  0%| F|  |TAMS 0x00000000e4300000, 0x00000000e4300000| Untracked 
|  68|0x00000000e4400000, 0x00000000e4400000, 0x00000000e4500000|  0%| F|  |TAMS 0x00000000e4400000, 0x00000000e4400000| Untracked 
|  69|0x00000000e4500000, 0x00000000e4500000, 0x00000000e4600000|  0%| F|  |TAMS 0x00000000e4500000, 0x00000000e4500000| Untracked 
|  70|0x00000000e4600000, 0x00000000e4600000, 0x00000000e4700000|  0%| F|  |TAMS 0x00000000e4600000, 0x00000000e4600000| Untracked 
|  71|0x00000000e4700000, 0x00000000e4700000, 0x00000000e4800000|  0%| F|  |TAMS 0x00000000e4700000, 0x00000000e4700000| Untracked 
|  72|0x00000000e4800000, 0x00000000e4800000, 0x00000000e4900000|  0%| F|  |TAMS 0x00000000e4800000, 0x00000000e4800000| Untracked 
|  73|0x00000000e4900000, 0x00000000e4900000, 0x00000000e4a00000|  0%| F|  |TAMS 0x00000000e4900000, 0x00000000e4900000| Untracked 
|  74|0x00000000e4a00000, 0x00000000e4a00000, 0x00000000e4b00000|  0%| F|  |TAMS 0x00000000e4a00000, 0x00000000e4a00000| Untracked 
|  75|0x00000000e4b00000, 0x00000000e4b00000, 0x00000000e4c00000|  0%| F|  |TAMS 0x00000000e4b00000, 0x00000000e4b00000| Untracked 
|  76|0x00000000e4c00000, 0x00000000e4c00000, 0x00000000e4d00000|  0%| F|  |TAMS 0x00000000e4c00000, 0x00000000e4c00000| Untracked 
|  77|0x00000000e4d00000, 0x00000000e4d00000, 0x00000000e4e00000|  0%| F|  |TAMS 0x00000000e4d00000, 0x00000000e4d00000| Untracked 
|  78|0x00000000e4e00000, 0x00000000e4e00000, 0x00000000e4f00000|  0%| F|  |TAMS 0x00000000e4e00000, 0x00000000e4e00000| Untracked 
|  79|0x00000000e4f00000, 0x00000000e4f00000, 0x00000000e5000000|  0%| F|  |TAMS 0x00000000e4f00000, 0x00000000e4f00000| Untracked 
|  80|0x00000000e5000000, 0x00000000e5000000, 0x00000000e5100000|  0%| F|  |TAMS 0x00000000e5000000, 0x00000000e5000000| Untracked 
|  81|0x00000000e5100000, 0x00000000e5100000, 0x00000000e5200000|  0%| F|  |TAMS 0x00000000e5100000, 0x00000000e5100000| Untracked 
|  82|0x00000000e5200000, 0x00000000e5200000, 0x00000000e5300000|  0%| F|  |TAMS 0x00000000e5200000, 0x00000000e5200000| Untracked 
|  83|0x00000000e5300000, 0x00000000e5300000, 0x00000000e5400000|  0%| F|  |TAMS 0x00000000e5300000, 0x00000000e5300000| Untracked 
|  84|0x00000000e5400000, 0x00000000e5400000, 0x00000000e5500000|  0%| F|  |TAMS 0x00000000e5400000, 0x00000000e5400000| Untracked 
|  85|0x00000000e5500000, 0x00000000e5500000, 0x00000000e5600000|  0%| F|  |TAMS 0x00000000e5500000, 0x00000000e5500000| Untracked 
|  86|0x00000000e5600000, 0x00000000e5600000, 0x00000000e5700000|  0%| F|  |TAMS 0x00000000e5600000, 0x00000000e5600000| Untracked 
|  87|0x00000000e5700000, 0x00000000e5700000, 0x00000000e5800000|  0%| F|  |TAMS 0x00000000e5700000, 0x00000000e5700000| Untracked 
|  88|0x00000000e5800000, 0x00000000e5800000, 0x00000000e5900000|  0%| F|  |TAMS 0x00000000e5800000, 0x00000000e5800000| Untracked 
|  89|0x00000000e5900000, 0x00000000e5900000, 0x00000000e5a00000|  0%| F|  |TAMS 0x00000000e5900000, 0x00000000e5900000| Untracked 
|  90|0x00000000e5a00000, 0x00000000e5a00000, 0x00000000e5b00000|  0%| F|  |TAMS 0x00000000e5a00000, 0x00000000e5a00000| Untracked 
|  91|0x00000000e5b00000, 0x00000000e5b00000, 0x00000000e5c00000|  0%| F|  |TAMS 0x00000000e5b00000, 0x00000000e5b00000| Untracked 
|  92|0x00000000e5c00000, 0x00000000e5c00000, 0x00000000e5d00000|  0%| F|  |TAMS 0x00000000e5c00000, 0x00000000e5c00000| Untracked 
|  93|0x00000000e5d00000, 0x00000000e5d00000, 0x00000000e5e00000|  0%| F|  |TAMS 0x00000000e5d00000, 0x00000000e5d00000| Untracked 
|  94|0x00000000e5e00000, 0x00000000e5e00000, 0x00000000e5f00000|  0%| F|  |TAMS 0x00000000e5e00000, 0x00000000e5e00000| Untracked 
|  95|0x00000000e5f00000, 0x00000000e5f00000, 0x00000000e6000000|  0%| F|  |TAMS 0x00000000e5f00000, 0x00000000e5f00000| Untracked 
|  96|0x00000000e6000000, 0x00000000e6000000, 0x00000000e6100000|  0%| F|  |TAMS 0x00000000e6000000, 0x00000000e6000000| Untracked 
|  97|0x00000000e6100000, 0x00000000e6100000, 0x00000000e6200000|  0%| F|  |TAMS 0x00000000e6100000, 0x00000000e6100000| Untracked 
|  98|0x00000000e6200000, 0x00000000e6200000, 0x00000000e6300000|  0%| F|  |TAMS 0x00000000e6200000, 0x00000000e6200000| Untracked 
|  99|0x00000000e6300000, 0x00000000e6300000, 0x00000000e6400000|  0%| F|  |TAMS 0x00000000e6300000, 0x00000000e6300000| Untracked 
| 100|0x00000000e6400000, 0x00000000e6400000, 0x00000000e6500000|  0%| F|  |TAMS 0x00000000e6400000, 0x00000000e6400000| Untracked 
| 101|0x00000000e6500000, 0x00000000e6500000, 0x00000000e6600000|  0%| F|  |TAMS 0x00000000e6500000, 0x00000000e6500000| Untracked 
| 102|0x00000000e6600000, 0x00000000e6600000, 0x00000000e6700000|  0%| F|  |TAMS 0x00000000e6600000, 0x00000000e6600000| Untracked 
| 103|0x00000000e6700000, 0x00000000e6700000, 0x00000000e6800000|  0%| F|  |TAMS 0x00000000e6700000, 0x00000000e6700000| Untracked 
| 104|0x00000000e6800000, 0x00000000e6800000, 0x00000000e6900000|  0%| F|  |TAMS 0x00000000e6800000, 0x00000000e6800000| Untracked 
| 105|0x00000000e6900000, 0x00000000e6900000, 0x00000000e6a00000|  0%| F|  |TAMS 0x00000000e6900000, 0x00000000e6900000| Untracked 
| 106|0x00000000e6a00000, 0x00000000e6a00000, 0x00000000e6b00000|  0%| F|  |TAMS 0x00000000e6a00000, 0x00000000e6a00000| Untracked 
| 107|0x00000000e6b00000, 0x00000000e6b00000, 0x00000000e6c00000|  0%| F|  |TAMS 0x00000000e6b00000, 0x00000000e6b00000| Untracked 
| 108|0x00000000e6c00000, 0x00000000e6c00000, 0x00000000e6d00000|  0%| F|  |TAMS 0x00000000e6c00000, 0x00000000e6c00000| Untracked 
| 109|0x00000000e6d00000, 0x00000000e6d00000, 0x00000000e6e00000|  0%| F|  |TAMS 0x00000000e6d00000, 0x00000000e6d00000| Untracked 
| 110|0x00000000e6e00000, 0x00000000e6e00000, 0x00000000e6f00000|  0%| F|  |TAMS 0x00000000e6e00000, 0x00000000e6e00000| Untracked 
| 111|0x00000000e6f00000, 0x00000000e6f00000, 0x00000000e7000000|  0%| F|  |TAMS 0x00000000e6f00000, 0x00000000e6f00000| Untracked 
| 112|0x00000000e7000000, 0x00000000e7000000, 0x00000000e7100000|  0%| F|  |TAMS 0x00000000e7000000, 0x00000000e7000000| Untracked 
| 113|0x00000000e7100000, 0x00000000e7100000, 0x00000000e7200000|  0%| F|  |TAMS 0x00000000e7100000, 0x00000000e7100000| Untracked 
| 114|0x00000000e7200000, 0x00000000e7200000, 0x00000000e7300000|  0%| F|  |TAMS 0x00000000e7200000, 0x00000000e7200000| Untracked 
| 115|0x00000000e7300000, 0x00000000e7300000, 0x00000000e7400000|  0%| F|  |TAMS 0x00000000e7300000, 0x00000000e7300000| Untracked 
| 116|0x00000000e7400000, 0x00000000e7400000, 0x00000000e7500000|  0%| F|  |TAMS 0x00000000e7400000, 0x00000000e7400000| Untracked 
| 117|0x00000000e7500000, 0x00000000e7500000, 0x00000000e7600000|  0%| F|  |TAMS 0x00000000e7500000, 0x00000000e7500000| Untracked 
| 118|0x00000000e7600000, 0x00000000e7600000, 0x00000000e7700000|  0%| F|  |TAMS 0x00000000e7600000, 0x00000000e7600000| Untracked 
| 119|0x00000000e7700000, 0x00000000e7700000, 0x00000000e7800000|  0%| F|  |TAMS 0x00000000e7700000, 0x00000000e7700000| Untracked 
| 120|0x00000000e7800000, 0x00000000e7800000, 0x00000000e7900000|  0%| F|  |TAMS 0x00000000e7800000, 0x00000000e7800000| Untracked 
| 121|0x00000000e7900000, 0x00000000e7900000, 0x00000000e7a00000|  0%| F|  |TAMS 0x00000000e7900000, 0x00000000e7900000| Untracked 
| 122|0x00000000e7a00000, 0x00000000e7a00000, 0x00000000e7b00000|  0%| F|  |TAMS 0x00000000e7a00000, 0x00000000e7a00000| Untracked 
| 123|0x00000000e7b00000, 0x00000000e7b00000, 0x00000000e7c00000|  0%| F|  |TAMS 0x00000000e7b00000, 0x00000000e7b00000| Untracked 
| 124|0x00000000e7c00000, 0x00000000e7c00000, 0x00000000e7d00000|  0%| F|  |TAMS 0x00000000e7c00000, 0x00000000e7c00000| Untracked 
| 125|0x00000000e7d00000, 0x00000000e7d00000, 0x00000000e7e00000|  0%| F|  |TAMS 0x00000000e7d00000, 0x00000000e7d00000| Untracked 
| 126|0x00000000e7e00000, 0x00000000e7e00000, 0x00000000e7f00000|  0%| F|  |TAMS 0x00000000e7e00000, 0x00000000e7e00000| Untracked 
| 127|0x00000000e7f00000, 0x00000000e7f00000, 0x00000000e8000000|  0%| F|  |TAMS 0x00000000e7f00000, 0x00000000e7f00000| Untracked 
| 128|0x00000000e8000000, 0x00000000e8000000, 0x00000000e8100000|  0%| F|  |TAMS 0x00000000e8000000, 0x00000000e8000000| Untracked 
| 129|0x00000000e8100000, 0x00000000e8100000, 0x00000000e8200000|  0%| F|  |TAMS 0x00000000e8100000, 0x00000000e8100000| Untracked 
| 130|0x00000000e8200000, 0x00000000e8200000, 0x00000000e8300000|  0%| F|  |TAMS 0x00000000e8200000, 0x00000000e8200000| Untracked 
| 131|0x00000000e8300000, 0x00000000e8300000, 0x00000000e8400000|  0%| F|  |TAMS 0x00000000e8300000, 0x00000000e8300000| Untracked 
| 132|0x00000000e8400000, 0x00000000e8400000, 0x00000000e8500000|  0%| F|  |TAMS 0x00000000e8400000, 0x00000000e8400000| Untracked 
| 133|0x00000000e8500000, 0x00000000e8500000, 0x00000000e8600000|  0%| F|  |TAMS 0x00000000e8500000, 0x00000000e8500000| Untracked 
| 134|0x00000000e8600000, 0x00000000e8600000, 0x00000000e8700000|  0%| F|  |TAMS 0x00000000e8600000, 0x00000000e8600000| Untracked 
| 135|0x00000000e8700000, 0x00000000e8700000, 0x00000000e8800000|  0%| F|  |TAMS 0x00000000e8700000, 0x00000000e8700000| Untracked 
| 136|0x00000000e8800000, 0x00000000e8800000, 0x00000000e8900000|  0%| F|  |TAMS 0x00000000e8800000, 0x00000000e8800000| Untracked 
| 137|0x00000000e8900000, 0x00000000e8900000, 0x00000000e8a00000|  0%| F|  |TAMS 0x00000000e8900000, 0x00000000e8900000| Untracked 
| 138|0x00000000e8a00000, 0x00000000e8a00000, 0x00000000e8b00000|  0%| F|  |TAMS 0x00000000e8a00000, 0x00000000e8a00000| Untracked 
| 139|0x00000000e8b00000, 0x00000000e8b00000, 0x00000000e8c00000|  0%| F|  |TAMS 0x00000000e8b00000, 0x00000000e8b00000| Untracked 
| 140|0x00000000e8c00000, 0x00000000e8c00000, 0x00000000e8d00000|  0%| F|  |TAMS 0x00000000e8c00000, 0x00000000e8c00000| Untracked 
| 141|0x00000000e8d00000, 0x00000000e8d00000, 0x00000000e8e00000|  0%| F|  |TAMS 0x00000000e8d00000, 0x00000000e8d00000| Untracked 
| 142|0x00000000e8e00000, 0x00000000e8e00000, 0x00000000e8f00000|  0%| F|  |TAMS 0x00000000e8e00000, 0x00000000e8e00000| Untracked 
| 143|0x00000000e8f00000, 0x00000000e8f00000, 0x00000000e9000000|  0%| F|  |TAMS 0x00000000e8f00000, 0x00000000e8f00000| Untracked 
| 144|0x00000000e9000000, 0x00000000e9000000, 0x00000000e9100000|  0%| F|  |TAMS 0x00000000e9000000, 0x00000000e9000000| Untracked 
| 145|0x00000000e9100000, 0x00000000e9100000, 0x00000000e9200000|  0%| F|  |TAMS 0x00000000e9100000, 0x00000000e9100000| Untracked 
| 146|0x00000000e9200000, 0x00000000e9200000, 0x00000000e9300000|  0%| F|  |TAMS 0x00000000e9200000, 0x00000000e9200000| Untracked 
| 147|0x00000000e9300000, 0x00000000e9300000, 0x00000000e9400000|  0%| F|  |TAMS 0x00000000e9300000, 0x00000000e9300000| Untracked 
| 148|0x00000000e9400000, 0x00000000e9400000, 0x00000000e9500000|  0%| F|  |TAMS 0x00000000e9400000, 0x00000000e9400000| Untracked 
| 149|0x00000000e9500000, 0x00000000e9500000, 0x00000000e9600000|  0%| F|  |TAMS 0x00000000e9500000, 0x00000000e9500000| Untracked 
| 150|0x00000000e9600000, 0x00000000e9600000, 0x00000000e9700000|  0%| F|  |TAMS 0x00000000e9600000, 0x00000000e9600000| Untracked 
| 151|0x00000000e9700000, 0x00000000e9700000, 0x00000000e9800000|  0%| F|  |TAMS 0x00000000e9700000, 0x00000000e9700000| Untracked 
| 152|0x00000000e9800000, 0x00000000e9880800, 0x00000000e9900000| 50%| E|  |TAMS 0x00000000e9800000, 0x00000000e9800000| Complete 
| 153|0x00000000e9900000, 0x00000000e9a00000, 0x00000000e9a00000|100%| E|CS|TAMS 0x00000000e9900000, 0x00000000e9900000| Complete 
| 154|0x00000000e9a00000, 0x00000000e9b00000, 0x00000000e9b00000|100%| E|CS|TAMS 0x00000000e9a00000, 0x00000000e9a00000| Complete 
| 155|0x00000000e9b00000, 0x00000000e9c00000, 0x00000000e9c00000|100%| E|CS|TAMS 0x00000000e9b00000, 0x00000000e9b00000| Complete 
| 156|0x00000000e9c00000, 0x00000000e9d00000, 0x00000000e9d00000|100%| E|CS|TAMS 0x00000000e9c00000, 0x00000000e9c00000| Complete 
| 157|0x00000000e9d00000, 0x00000000e9e00000, 0x00000000e9e00000|100%| E|CS|TAMS 0x00000000e9d00000, 0x00000000e9d00000| Complete 
| 158|0x00000000e9e00000, 0x00000000e9f00000, 0x00000000e9f00000|100%| E|CS|TAMS 0x00000000e9e00000, 0x00000000e9e00000| Complete 
| 159|0x00000000e9f00000, 0x00000000ea000000, 0x00000000ea000000|100%| E|CS|TAMS 0x00000000e9f00000, 0x00000000e9f00000| Complete 
| 160|0x00000000ea000000, 0x00000000ea100000, 0x00000000ea100000|100%| E|CS|TAMS 0x00000000ea000000, 0x00000000ea000000| Complete 
| 161|0x00000000ea100000, 0x00000000ea200000, 0x00000000ea200000|100%| E|CS|TAMS 0x00000000ea100000, 0x00000000ea100000| Complete 
| 162|0x00000000ea200000, 0x00000000ea300000, 0x00000000ea300000|100%| E|CS|TAMS 0x00000000ea200000, 0x00000000ea200000| Complete 
| 163|0x00000000ea300000, 0x00000000ea400000, 0x00000000ea400000|100%| E|CS|TAMS 0x00000000ea300000, 0x00000000ea300000| Complete 
| 164|0x00000000ea400000, 0x00000000ea500000, 0x00000000ea500000|100%| E|CS|TAMS 0x00000000ea400000, 0x00000000ea400000| Complete 
| 165|0x00000000ea500000, 0x00000000ea600000, 0x00000000ea600000|100%| E|CS|TAMS 0x00000000ea500000, 0x00000000ea500000| Complete 
| 166|0x00000000ea600000, 0x00000000ea700000, 0x00000000ea700000|100%| E|CS|TAMS 0x00000000ea600000, 0x00000000ea600000| Complete 
| 167|0x00000000ea700000, 0x00000000ea800000, 0x00000000ea800000|100%| E|CS|TAMS 0x00000000ea700000, 0x00000000ea700000| Complete 
| 168|0x00000000ea800000, 0x00000000ea900000, 0x00000000ea900000|100%| E|CS|TAMS 0x00000000ea800000, 0x00000000ea800000| Complete 
| 169|0x00000000ea900000, 0x00000000eaa00000, 0x00000000eaa00000|100%| E|CS|TAMS 0x00000000ea900000, 0x00000000ea900000| Complete 
| 170|0x00000000eaa00000, 0x00000000eab00000, 0x00000000eab00000|100%| E|CS|TAMS 0x00000000eaa00000, 0x00000000eaa00000| Complete 
| 171|0x00000000eab00000, 0x00000000eac00000, 0x00000000eac00000|100%| E|CS|TAMS 0x00000000eab00000, 0x00000000eab00000| Complete 
| 172|0x00000000eac00000, 0x00000000ead00000, 0x00000000ead00000|100%| E|CS|TAMS 0x00000000eac00000, 0x00000000eac00000| Complete 
| 173|0x00000000ead00000, 0x00000000eae00000, 0x00000000eae00000|100%| E|CS|TAMS 0x00000000ead00000, 0x00000000ead00000| Complete 
| 174|0x00000000eae00000, 0x00000000eaf00000, 0x00000000eaf00000|100%| E|CS|TAMS 0x00000000eae00000, 0x00000000eae00000| Complete 
| 175|0x00000000eaf00000, 0x00000000eb000000, 0x00000000eb000000|100%| E|CS|TAMS 0x00000000eaf00000, 0x00000000eaf00000| Complete 
| 176|0x00000000eb000000, 0x00000000eb100000, 0x00000000eb100000|100%| E|CS|TAMS 0x00000000eb000000, 0x00000000eb000000| Complete 
| 177|0x00000000eb100000, 0x00000000eb200000, 0x00000000eb200000|100%| E|CS|TAMS 0x00000000eb100000, 0x00000000eb100000| Complete 
| 178|0x00000000eb200000, 0x00000000eb300000, 0x00000000eb300000|100%| E|CS|TAMS 0x00000000eb200000, 0x00000000eb200000| Complete 
| 179|0x00000000eb300000, 0x00000000eb400000, 0x00000000eb400000|100%| E|CS|TAMS 0x00000000eb300000, 0x00000000eb300000| Complete 
| 180|0x00000000eb400000, 0x00000000eb500000, 0x00000000eb500000|100%| E|CS|TAMS 0x00000000eb400000, 0x00000000eb400000| Complete 
| 181|0x00000000eb500000, 0x00000000eb600000, 0x00000000eb600000|100%| E|CS|TAMS 0x00000000eb500000, 0x00000000eb500000| Complete 
| 182|0x00000000eb600000, 0x00000000eb700000, 0x00000000eb700000|100%| E|CS|TAMS 0x00000000eb600000, 0x00000000eb600000| Complete 
| 183|0x00000000eb700000, 0x00000000eb800000, 0x00000000eb800000|100%| E|CS|TAMS 0x00000000eb700000, 0x00000000eb700000| Complete 
| 184|0x00000000eb800000, 0x00000000eb900000, 0x00000000eb900000|100%| E|CS|TAMS 0x00000000eb800000, 0x00000000eb800000| Complete 
| 185|0x00000000eb900000, 0x00000000eba00000, 0x00000000eba00000|100%| E|CS|TAMS 0x00000000eb900000, 0x00000000eb900000| Complete 
| 186|0x00000000eba00000, 0x00000000ebb00000, 0x00000000ebb00000|100%| E|CS|TAMS 0x00000000eba00000, 0x00000000eba00000| Complete 
| 187|0x00000000ebb00000, 0x00000000ebc00000, 0x00000000ebc00000|100%| E|CS|TAMS 0x00000000ebb00000, 0x00000000ebb00000| Complete 
| 188|0x00000000ebc00000, 0x00000000ebd00000, 0x00000000ebd00000|100%| E|CS|TAMS 0x00000000ebc00000, 0x00000000ebc00000| Complete 
| 189|0x00000000ebd00000, 0x00000000ebe00000, 0x00000000ebe00000|100%| E|CS|TAMS 0x00000000ebd00000, 0x00000000ebd00000| Complete 
| 190|0x00000000ebe00000, 0x00000000ebf00000, 0x00000000ebf00000|100%| E|CS|TAMS 0x00000000ebe00000, 0x00000000ebe00000| Complete 
| 191|0x00000000ebf00000, 0x00000000ec000000, 0x00000000ec000000|100%| E|CS|TAMS 0x00000000ebf00000, 0x00000000ebf00000| Complete 
| 192|0x00000000ec000000, 0x00000000ec100000, 0x00000000ec100000|100%| E|CS|TAMS 0x00000000ec000000, 0x00000000ec000000| Complete 
| 193|0x00000000ec100000, 0x00000000ec200000, 0x00000000ec200000|100%| E|CS|TAMS 0x00000000ec100000, 0x00000000ec100000| Complete 
| 194|0x00000000ec200000, 0x00000000ec300000, 0x00000000ec300000|100%| E|CS|TAMS 0x00000000ec200000, 0x00000000ec200000| Complete 
| 195|0x00000000ec300000, 0x00000000ec400000, 0x00000000ec400000|100%| E|CS|TAMS 0x00000000ec300000, 0x00000000ec300000| Complete 
| 196|0x00000000ec400000, 0x00000000ec500000, 0x00000000ec500000|100%| E|CS|TAMS 0x00000000ec400000, 0x00000000ec400000| Complete 
| 197|0x00000000ec500000, 0x00000000ec600000, 0x00000000ec600000|100%| E|CS|TAMS 0x00000000ec500000, 0x00000000ec500000| Complete 
| 198|0x00000000ec600000, 0x00000000ec700000, 0x00000000ec700000|100%| E|CS|TAMS 0x00000000ec600000, 0x00000000ec600000| Complete 
| 199|0x00000000ec700000, 0x00000000ec800000, 0x00000000ec800000|100%| E|CS|TAMS 0x00000000ec700000, 0x00000000ec700000| Complete 
| 200|0x00000000ec800000, 0x00000000ec900000, 0x00000000ec900000|100%| E|CS|TAMS 0x00000000ec800000, 0x00000000ec800000| Complete 
| 201|0x00000000ec900000, 0x00000000eca00000, 0x00000000eca00000|100%| E|CS|TAMS 0x00000000ec900000, 0x00000000ec900000| Complete 
| 202|0x00000000eca00000, 0x00000000ecb00000, 0x00000000ecb00000|100%| E|CS|TAMS 0x00000000eca00000, 0x00000000eca00000| Complete 
| 203|0x00000000ecb00000, 0x00000000ecc00000, 0x00000000ecc00000|100%| E|CS|TAMS 0x00000000ecb00000, 0x00000000ecb00000| Complete 
| 204|0x00000000ecc00000, 0x00000000ecd00000, 0x00000000ecd00000|100%| E|CS|TAMS 0x00000000ecc00000, 0x00000000ecc00000| Complete 
| 205|0x00000000ecd00000, 0x00000000ece00000, 0x00000000ece00000|100%| E|CS|TAMS 0x00000000ecd00000, 0x00000000ecd00000| Complete 
| 206|0x00000000ece00000, 0x00000000ecf00000, 0x00000000ecf00000|100%| E|CS|TAMS 0x00000000ece00000, 0x00000000ece00000| Complete 
| 207|0x00000000ecf00000, 0x00000000ed000000, 0x00000000ed000000|100%| E|CS|TAMS 0x00000000ecf00000, 0x00000000ecf00000| Complete 
| 208|0x00000000ed000000, 0x00000000ed100000, 0x00000000ed100000|100%| E|CS|TAMS 0x00000000ed000000, 0x00000000ed000000| Complete 
| 209|0x00000000ed100000, 0x00000000ed200000, 0x00000000ed200000|100%| E|CS|TAMS 0x00000000ed100000, 0x00000000ed100000| Complete 
| 210|0x00000000ed200000, 0x00000000ed300000, 0x00000000ed300000|100%| E|CS|TAMS 0x00000000ed200000, 0x00000000ed200000| Complete 
| 211|0x00000000ed300000, 0x00000000ed400000, 0x00000000ed400000|100%| E|CS|TAMS 0x00000000ed300000, 0x00000000ed300000| Complete 
| 212|0x00000000ed400000, 0x00000000ed500000, 0x00000000ed500000|100%| E|CS|TAMS 0x00000000ed400000, 0x00000000ed400000| Complete 
| 213|0x00000000ed500000, 0x00000000ed600000, 0x00000000ed600000|100%| E|CS|TAMS 0x00000000ed500000, 0x00000000ed500000| Complete 
| 214|0x00000000ed600000, 0x00000000ed700000, 0x00000000ed700000|100%| E|CS|TAMS 0x00000000ed600000, 0x00000000ed600000| Complete 
| 215|0x00000000ed700000, 0x00000000ed800000, 0x00000000ed800000|100%| E|CS|TAMS 0x00000000ed700000, 0x00000000ed700000| Complete 
| 216|0x00000000ed800000, 0x00000000ed900000, 0x00000000ed900000|100%| E|CS|TAMS 0x00000000ed800000, 0x00000000ed800000| Complete 
| 217|0x00000000ed900000, 0x00000000eda00000, 0x00000000eda00000|100%| E|CS|TAMS 0x00000000ed900000, 0x00000000ed900000| Complete 
| 218|0x00000000eda00000, 0x00000000edb00000, 0x00000000edb00000|100%| E|CS|TAMS 0x00000000eda00000, 0x00000000eda00000| Complete 
| 219|0x00000000edb00000, 0x00000000edc00000, 0x00000000edc00000|100%| E|CS|TAMS 0x00000000edb00000, 0x00000000edb00000| Complete 
| 220|0x00000000edc00000, 0x00000000edd00000, 0x00000000edd00000|100%| E|CS|TAMS 0x00000000edc00000, 0x00000000edc00000| Complete 
| 221|0x00000000edd00000, 0x00000000ede00000, 0x00000000ede00000|100%| E|CS|TAMS 0x00000000edd00000, 0x00000000edd00000| Complete 
| 222|0x00000000ede00000, 0x00000000edf00000, 0x00000000edf00000|100%| E|CS|TAMS 0x00000000ede00000, 0x00000000ede00000| Complete 
| 223|0x00000000edf00000, 0x00000000ee000000, 0x00000000ee000000|100%| E|CS|TAMS 0x00000000edf00000, 0x00000000edf00000| Complete 
| 224|0x00000000ee000000, 0x00000000ee021948, 0x00000000ee100000| 13%| S|CS|TAMS 0x00000000ee000000, 0x00000000ee000000| Complete 
| 225|0x00000000ee100000, 0x00000000ee200000, 0x00000000ee200000|100%| S|CS|TAMS 0x00000000ee100000, 0x00000000ee100000| Complete 
| 226|0x00000000ee200000, 0x00000000ee300000, 0x00000000ee300000|100%| E|CS|TAMS 0x00000000ee200000, 0x00000000ee200000| Complete 
| 227|0x00000000ee300000, 0x00000000ee400000, 0x00000000ee400000|100%| E|  |TAMS 0x00000000ee300000, 0x00000000ee300000| Complete 
| 228|0x00000000ee400000, 0x00000000ee500000, 0x00000000ee500000|100%| E|CS|TAMS 0x00000000ee400000, 0x00000000ee400000| Complete 
| 229|0x00000000ee500000, 0x00000000ee600000, 0x00000000ee600000|100%| E|CS|TAMS 0x00000000ee500000, 0x00000000ee500000| Complete 
| 230|0x00000000ee600000, 0x00000000ee700000, 0x00000000ee700000|100%| E|CS|TAMS 0x00000000ee600000, 0x00000000ee600000| Complete 
| 231|0x00000000ee700000, 0x00000000ee800000, 0x00000000ee800000|100%| E|CS|TAMS 0x00000000ee700000, 0x00000000ee700000| Complete 
| 232|0x00000000ee800000, 0x00000000ee900000, 0x00000000ee900000|100%| E|CS|TAMS 0x00000000ee800000, 0x00000000ee800000| Complete 
| 233|0x00000000ee900000, 0x00000000eea00000, 0x00000000eea00000|100%| E|CS|TAMS 0x00000000ee900000, 0x00000000ee900000| Complete 
| 234|0x00000000eea00000, 0x00000000eeb00000, 0x00000000eeb00000|100%| E|CS|TAMS 0x00000000eea00000, 0x00000000eea00000| Complete 
| 235|0x00000000eeb00000, 0x00000000eec00000, 0x00000000eec00000|100%| E|CS|TAMS 0x00000000eeb00000, 0x00000000eeb00000| Complete 
| 236|0x00000000eec00000, 0x00000000eed00000, 0x00000000eed00000|100%| E|CS|TAMS 0x00000000eec00000, 0x00000000eec00000| Complete 
| 237|0x00000000eed00000, 0x00000000eee00000, 0x00000000eee00000|100%| E|CS|TAMS 0x00000000eed00000, 0x00000000eed00000| Complete 
| 238|0x00000000eee00000, 0x00000000eef00000, 0x00000000eef00000|100%| E|CS|TAMS 0x00000000eee00000, 0x00000000eee00000| Complete 
| 239|0x00000000eef00000, 0x00000000ef000000, 0x00000000ef000000|100%| E|CS|TAMS 0x00000000eef00000, 0x00000000eef00000| Complete 
| 240|0x00000000ef000000, 0x00000000ef100000, 0x00000000ef100000|100%| E|CS|TAMS 0x00000000ef000000, 0x00000000ef000000| Complete 
| 241|0x00000000ef100000, 0x00000000ef200000, 0x00000000ef200000|100%| E|CS|TAMS 0x00000000ef100000, 0x00000000ef100000| Complete 
| 242|0x00000000ef200000, 0x00000000ef300000, 0x00000000ef300000|100%| E|CS|TAMS 0x00000000ef200000, 0x00000000ef200000| Complete 
| 243|0x00000000ef300000, 0x00000000ef400000, 0x00000000ef400000|100%| E|CS|TAMS 0x00000000ef300000, 0x00000000ef300000| Complete 
| 244|0x00000000ef400000, 0x00000000ef500000, 0x00000000ef500000|100%| E|CS|TAMS 0x00000000ef400000, 0x00000000ef400000| Complete 
| 245|0x00000000ef500000, 0x00000000ef600000, 0x00000000ef600000|100%| E|CS|TAMS 0x00000000ef500000, 0x00000000ef500000| Complete 
| 246|0x00000000ef600000, 0x00000000ef700000, 0x00000000ef700000|100%| E|CS|TAMS 0x00000000ef600000, 0x00000000ef600000| Complete 
| 247|0x00000000ef700000, 0x00000000ef800000, 0x00000000ef800000|100%| E|CS|TAMS 0x00000000ef700000, 0x00000000ef700000| Complete 
| 248|0x00000000ef800000, 0x00000000ef900000, 0x00000000ef900000|100%| E|CS|TAMS 0x00000000ef800000, 0x00000000ef800000| Complete 
| 249|0x00000000ef900000, 0x00000000efa00000, 0x00000000efa00000|100%| E|CS|TAMS 0x00000000ef900000, 0x00000000ef900000| Complete 
| 250|0x00000000efa00000, 0x00000000efb00000, 0x00000000efb00000|100%| E|CS|TAMS 0x00000000efa00000, 0x00000000efa00000| Complete 
| 251|0x00000000efb00000, 0x00000000efc00000, 0x00000000efc00000|100%| E|CS|TAMS 0x00000000efb00000, 0x00000000efb00000| Complete 
| 252|0x00000000efc00000, 0x00000000efd00000, 0x00000000efd00000|100%| E|CS|TAMS 0x00000000efc00000, 0x00000000efc00000| Complete 
| 253|0x00000000efd00000, 0x00000000efe00000, 0x00000000efe00000|100%| E|CS|TAMS 0x00000000efd00000, 0x00000000efd00000| Complete 
| 254|0x00000000efe00000, 0x00000000eff00000, 0x00000000eff00000|100%| E|CS|TAMS 0x00000000efe00000, 0x00000000efe00000| Complete 
| 255|0x00000000eff00000, 0x00000000f0000000, 0x00000000f0000000|100%| E|CS|TAMS 0x00000000eff00000, 0x00000000eff00000| Complete 

Card table byte_map: [0x000001fad99c0000,0x000001fad9ac0000] _byte_map_base: 0x000001fad92c0000

Marking Bits (Prev, Next): (CMBitMap*) 0x000001fac2dcabc0, (CMBitMap*) 0x000001fac2dcac00
 Prev Bits: [0x000001fad9bc0000, 0x000001fada3c0000)
 Next Bits: [0x000001fada3c0000, 0x000001fadabc0000)

Polling page: 0x000001fac0cd0000

Metaspace:

Usage:
  Non-class:     13.29 MB used.
      Class:      2.21 MB used.
       Both:     15.50 MB used.

Virtual space:
  Non-class space:       16.00 MB reserved,      13.44 MB ( 84%) committed,  2 nodes.
      Class space:      308.00 MB reserved,       2.31 MB ( <1%) committed,  1 nodes.
             Both:      324.00 MB reserved,      15.75 MB (  5%) committed. 

Chunk freelists:
   Non-Class:  2.12 MB
       Class:  1.62 MB
        Both:  3.75 MB

MaxMetaspaceSize: 384.00 MB
CompressedClassSpaceSize: 308.00 MB
Initial GC threshold: 21.00 MB
Current GC threshold: 21.00 MB
CDS: on
MetaspaceReclaimPolicy: balanced
 - commit_granule_bytes: 65536.
 - commit_granule_words: 8192.
 - virtual_space_node_default_size: 1048576.
 - enlarge_chunks_in_place: 1.
 - new_chunks_are_fully_committed: 0.
 - uncommit_free_chunks: 1.
 - use_allocation_guard: 0.
 - handle_deallocations: 1.


Internal statistics:

num_allocs_failed_limit: 0.
num_arena_births: 208.
num_arena_deaths: 0.
num_vsnodes_births: 3.
num_vsnodes_deaths: 0.
num_space_committed: 252.
num_space_uncommitted: 0.
num_chunks_returned_to_freelist: 0.
num_chunks_taken_from_freelist: 732.
num_chunk_merges: 0.
num_chunk_splits: 487.
num_chunks_enlarged: 357.
num_purges: 0.
num_inconsistent_stats: 0.

CodeHeap 'non-profiled nmethods': size=120000Kb used=1087Kb max_used=1087Kb free=118912Kb
 bounds [0x000001fad2060000, 0x000001fad22d0000, 0x000001fad9590000]
CodeHeap 'profiled nmethods': size=120000Kb used=4479Kb max_used=4479Kb free=115520Kb
 bounds [0x000001facab30000, 0x000001facaf90000, 0x000001fad2060000]
CodeHeap 'non-nmethods': size=5760Kb used=1224Kb max_used=1241Kb free=4535Kb
 bounds [0x000001faca590000, 0x000001faca800000, 0x000001facab30000]
 total_blobs=2792 nmethods=2258 adapters=446
 compilation: enabled
              stopped_count=0, restarted_count=0
 full_count=0

Compilation events (20 events):
Event: 2.220 Thread 0x000001fadd5f55e0 2239       3       sun.security.provider.MD5::GG (33 bytes)
Event: 2.220 Thread 0x000001fadd5f55e0 nmethod 2239 0x000001facaf86c90 code [0x000001facaf86e20, 0x000001facaf86f38]
Event: 2.220 Thread 0x000001fadd5f55e0 2240       3       sun.security.provider.MD5::HH (29 bytes)
Event: 2.220 Thread 0x000001fadd5f55e0 nmethod 2240 0x000001facaf87010 code [0x000001facaf871a0, 0x000001facaf872b8]
Event: 2.220 Thread 0x000001fadd5f55e0 2241       3       sun.security.provider.MD5::II (31 bytes)
Event: 2.220 Thread 0x000001fadd5f55e0 nmethod 2241 0x000001facaf87390 code [0x000001facaf87520, 0x000001facaf87638]
Event: 2.228 Thread 0x000001fadd5f55e0 2244       3       jdk.internal.misc.VM::isSystemDomainLoader (17 bytes)
Event: 2.229 Thread 0x000001fadd5f4540 nmethod 2224 0x000001fad216d590 code [0x000001fad216d7a0, 0x000001fad216ee88]
Event: 2.229 Thread 0x000001fadd5f4540 2225   !   4       java.security.AccessController::doPrivileged (26 bytes)
Event: 2.230 Thread 0x000001fadd5f55e0 nmethod 2244 0x000001facaf87710 code [0x000001facaf87960, 0x000001facaf88418]
Event: 2.236 Thread 0x000001fadd5f55e0 2246       3       java.lang.invoke.MethodHandles$Lookup$ClassFile::<init> (20 bytes)
Event: 2.236 Thread 0x000001fadd5f55e0 nmethod 2246 0x000001facaf88790 code [0x000001facaf88940, 0x000001facaf88b78]
Event: 2.236 Thread 0x000001fadd5f55e0 2247       3       java.lang.invoke.MethodHandles$Lookup$ClassDefiner::<init> (58 bytes)
Event: 2.237 Thread 0x000001fadd5f55e0 nmethod 2247 0x000001facaf88c10 code [0x000001facaf88dc0, 0x000001facaf89058]
Event: 2.237 Thread 0x000001fadd5f55e0 2248       3       java.lang.invoke.DirectMethodHandle$Constructor::<init> (44 bytes)
Event: 2.237 Thread 0x000001fadd5f55e0 nmethod 2248 0x000001facaf89190 code [0x000001facaf89340, 0x000001facaf89568]
Event: 2.249 Thread 0x000001fadd5f55e0 2252       3       java.lang.invoke.MethodHandles$Lookup$ClassOption::optionsToFlag (40 bytes)
Event: 2.249 Thread 0x000001fadd5f55e0 nmethod 2252 0x000001facaf89610 code [0x000001facaf897e0, 0x000001facaf89ce8]
Event: 2.249 Thread 0x000001fadd5f55e0 2251       3       java.lang.invoke.MethodHandles$Lookup::makeHiddenClassDefiner (42 bytes)
Event: 2.250 Thread 0x000001fadd5f55e0 nmethod 2251 0x000001facaf89e90 code [0x000001facaf8a140, 0x000001facaf8b058]

GC Heap History (4 events):
Event: 0.422 GC heap before
{Heap before GC invocations=0 (full 0):
 garbage-first heap   total 262144K, used 26624K [0x00000000e0000000, 0x0000000100000000)
  region size 1024K, 23 young (23552K), 0 survivors (0K)
 Metaspace       used 1262K, committed 1408K, reserved 323584K
  class space    used 101K, committed 128K, reserved 315392K
}
Event: 0.427 GC heap after
{Heap after GC invocations=1 (full 0):
 garbage-first heap   total 262144K, used 10592K [0x00000000e0000000, 0x0000000100000000)
  region size 1024K, 3 young (3072K), 3 survivors (3072K)
 Metaspace       used 1262K, committed 1408K, reserved 323584K
  class space    used 101K, committed 128K, reserved 315392K
}
Event: 0.890 GC heap before
{Heap before GC invocations=1 (full 0):
 garbage-first heap   total 262144K, used 38240K [0x00000000e0000000, 0x0000000100000000)
  region size 1024K, 30 young (30720K), 3 survivors (3072K)
 Metaspace       used 4045K, committed 4224K, reserved 323584K
  class space    used 507K, committed 640K, reserved 315392K
}
Event: 0.893 GC heap after
{Heap after GC invocations=2 (full 0):
 garbage-first heap   total 262144K, used 11797K [0x00000000e0000000, 0x0000000100000000)
  region size 1024K, 2 young (2048K), 2 survivors (2048K)
 Metaspace       used 4045K, committed 4224K, reserved 323584K
  class space    used 507K, committed 640K, reserved 315392K
}

Deoptimization events (20 events):
Event: 1.927 Thread 0x000001fadfdc39f0 Uncommon trap: trap_request=0xffffff45 fr.pc=0x000001fad20a527c relative=0x000000000000043c
Event: 1.927 Thread 0x000001fadfdc39f0 Uncommon trap: reason=unstable_if action=reinterpret pc=0x000001fad20a527c method=java.util.HashMap.getNode(Ljava/lang/Object;)Ljava/util/HashMap$Node; @ 66 c2
Event: 1.927 Thread 0x000001fadfdc39f0 DEOPT PACKING pc=0x000001fad20a527c sp=0x000000f732bfc300
Event: 1.927 Thread 0x000001fadfdc39f0 DEOPT UNPACKING pc=0x000001faca5e23a3 sp=0x000000f732bfc290 mode 2
Event: 1.936 Thread 0x000001fadfdc39f0 Uncommon trap: trap_request=0xffffff45 fr.pc=0x000001fad2127178 relative=0x0000000000000258
Event: 1.936 Thread 0x000001fadfdc39f0 Uncommon trap: reason=unstable_if action=reinterpret pc=0x000001fad2127178 method=java.util.concurrent.ConcurrentHashMap.get(Ljava/lang/Object;)Ljava/lang/Object; @ 76 c2
Event: 1.936 Thread 0x000001fadfdc39f0 DEOPT PACKING pc=0x000001fad2127178 sp=0x000000f732bfb810
Event: 1.936 Thread 0x000001fadfdc39f0 DEOPT UNPACKING pc=0x000001faca5e23a3 sp=0x000000f732bfb788 mode 2
Event: 2.096 Thread 0x000001fadfdc39f0 Uncommon trap: trap_request=0xffffff45 fr.pc=0x000001fad2125ba4 relative=0x0000000000000184
Event: 2.096 Thread 0x000001fadfdc39f0 Uncommon trap: reason=unstable_if action=reinterpret pc=0x000001fad2125ba4 method=java.util.WeakHashMap.expungeStaleEntries()V @ 9 c2
Event: 2.096 Thread 0x000001fadfdc39f0 DEOPT PACKING pc=0x000001fad2125ba4 sp=0x000000f732bfba30
Event: 2.096 Thread 0x000001fadfdc39f0 DEOPT UNPACKING pc=0x000001faca5e23a3 sp=0x000000f732bfb9c8 mode 2
Event: 2.164 Thread 0x000001fadfdc39f0 Uncommon trap: trap_request=0xffffff45 fr.pc=0x000001fad2082518 relative=0x0000000000000a38
Event: 2.164 Thread 0x000001fadfdc39f0 Uncommon trap: reason=unstable_if action=reinterpret pc=0x000001fad2082518 method=java.io.WinNTFileSystem.resolve(Ljava/lang/String;Ljava/lang/String;)Ljava/lang/String; @ 19 c2
Event: 2.164 Thread 0x000001fadfdc39f0 DEOPT PACKING pc=0x000001fad2082518 sp=0x000000f732bfb650
Event: 2.164 Thread 0x000001fadfdc39f0 DEOPT UNPACKING pc=0x000001faca5e23a3 sp=0x000000f732bfb608 mode 2
Event: 2.165 Thread 0x000001fadfdc39f0 Uncommon trap: trap_request=0xffffff45 fr.pc=0x000001fad20f0968 relative=0x0000000000000648
Event: 2.165 Thread 0x000001fadfdc39f0 Uncommon trap: reason=unstable_if action=reinterpret pc=0x000001fad20f0968 method=java.io.File.getName()Ljava/lang/String; @ 16 c2
Event: 2.165 Thread 0x000001fadfdc39f0 DEOPT PACKING pc=0x000001fad20f0968 sp=0x000000f732bfb600
Event: 2.165 Thread 0x000001fadfdc39f0 DEOPT UNPACKING pc=0x000001faca5e23a3 sp=0x000000f732bfb5d0 mode 2

Classes unloaded (0 events):
No events

Classes redefined (0 events):
No events

Internal exceptions (20 events):
Event: 1.861 Thread 0x000001fadfdc39f0 Exception <a 'java/lang/NoSuchMethodError'{0x00000000ebac0ed8}: 'long java.lang.invoke.DirectMethodHandle$Holder.invokeInterface(java.lang.Object, java.lang.Object)'> (0x00000000ebac0ed8) 
thrown [c:\sb\prod\1715191057\workspace\open\src\hotspot\share\interpreter\linkResolver.cpp, line 766]
Event: 1.904 Thread 0x000001fadfdc39f0 Exception <a 'java/lang/NoSuchMethodError'{0x00000000eb510b58}: 'void java.lang.invoke.DirectMethodHandle$Holder.invokeStatic(java.lang.Object, java.lang.Object)'> (0x00000000eb510b58) 
thrown [c:\sb\prod\1715191057\workspace\open\src\hotspot\share\interpreter\linkResolver.cpp, line 766]
Event: 1.932 Thread 0x000001fadfdc39f0 Exception <a 'java/lang/NoSuchMethodError'{0x00000000eb4cedd0}: 'java.lang.Object java.lang.invoke.DirectMethodHandle$Holder.newInvokeSpecial(java.lang.Object, java.lang.Object, java.lang.Object, java.lang.Object, java.lang.Object)'> (0x00000000eb4cedd0) 
thrown [c:\sb\prod\1715191057\workspace\open\src\hotspot\share\interpreter\linkResolver.cpp, line 766]
Event: 1.969 Thread 0x000001fadfdc39f0 Exception <a 'java/lang/NoSuchMethodError'{0x00000000eb1af808}: 'java.lang.Object java.lang.invoke.DirectMethodHandle$Holder.newInvokeSpecial(java.lang.Object, java.lang.Object, java.lang.Object, java.lang.Object, java.lang.Object, java.lang.Object)'> (0x00000000eb1af808) 
thrown [c:\sb\prod\1715191057\workspace\open\src\hotspot\share\interpreter\linkResolver.cpp, line 766]
Event: 1.970 Thread 0x000001fadfdc39f0 Exception <a 'java/lang/NoSuchMethodError'{0x00000000eb1c7e58}: 'void java.lang.invoke.DirectMethodHandle$Holder.invokeSpecial(java.lang.Object, java.lang.Object, java.lang.Object, java.lang.Object, java.lang.Object)'> (0x00000000eb1c7e58) 
thrown [c:\sb\prod\1715191057\workspace\open\src\hotspot\share\interpreter\linkResolver.cpp, line 766]
Event: 1.971 Thread 0x000001fadfdc39f0 Exception <a 'java/lang/NoSuchMethodError'{0x00000000eb1dc658}: 'void java.lang.invoke.DirectMethodHandle$Holder.invokeStaticInit(java.lang.Object, java.lang.Object)'> (0x00000000eb1dc658) 
thrown [c:\sb\prod\1715191057\workspace\open\src\hotspot\share\interpreter\linkResolver.cpp, line 766]
Event: 2.023 Thread 0x000001fadfdc39f0 Exception <a 'java/lang/NoSuchMethodError'{0x00000000eaeb9b98}: 'void java.lang.invoke.DelegatingMethodHandle$Holder.reinvoke_L(java.lang.Object, java.lang.Object, java.lang.Object, java.lang.Object, java.lang.Object, java.lang.Object, java.lang.Object, java.lang.Object, java.lang.Object, java.lang.Object)'> (0x00000000eaeb9b98) 
thrown [c:\sb\prod\1715191057\workspace\open\src\hotspot\share\interpreter\linkResolver.cpp, line 766]
Event: 2.024 Thread 0x000001fadfdc39f0 Exception <a 'java/lang/NoSuchMethodError'{0x00000000eaec2008}: 'java.lang.Object java.lang.invoke.DirectMethodHandle$Holder.invokeSpecial(java.lang.Object, java.lang.Object, java.lang.Object, java.lang.Object, java.lang.Object, java.lang.Object, java.lang.Object, java.lang.Object, java.lang.Object, java.lang.Object)'> (0x00000000eaec2008) 
thrown [c:\sb\prod\1715191057\workspace\open\src\hotspot\share\interpreter\linkResolver.cpp, line 766]
Event: 2.024 Thread 0x000001fadfdc39f0 Exception <a 'java/lang/NoSuchMethodError'{0x00000000eaec68d8}: 'java.lang.Object java.lang.invoke.Invokers$Holder.invoker(java.lang.Object, java.lang.Object, java.lang.Object, java.lang.Object, java.lang.Object, java.lang.Object, java.lang.Object, java.lang.Object, java.lang.Object, java.lang.Object)'> (0x00000000eaec68d8) 
thrown [c:\sb\prod\1715191057\workspace\open\src\hotspot\share\interpreter\linkResolver.cpp, line 766]
Event: 2.024 Thread 0x000001fadfdc39f0 Exception <a 'java/lang/NoSuchMethodError'{0x00000000eaecc460}: 'java.lang.Object java.lang.invoke.DirectMethodHandle$Holder.invokeSpecial(java.lang.Object, java.lang.Object, java.lang.Object, java.lang.Object, java.lang.Object, java.lang.Object, java.lang.Object, java.lang.Object, java.lang.Object, java.lang.Object, java.lang.Object)'> (0x00000000eaecc460) 
thrown [c:\sb\prod\1715191057\workspace\open\src\hotspot\share\interpreter\linkResolver.cpp, line 766]
Event: 2.109 Thread 0x000001fadfdc39f0 Exception <a 'java/lang/NoSuchMethodError'{0x00000000ea8c38a8}: 'void java.lang.invoke.DirectMethodHandle$Holder.invokeStaticInit(java.lang.Object)'> (0x00000000ea8c38a8) 
thrown [c:\sb\prod\1715191057\workspace\open\src\hotspot\share\interpreter\linkResolver.cpp, line 766]
Event: 2.118 Thread 0x000001fadfdc39f0 Exception <a 'java/lang/NoSuchMethodError'{0x00000000ea776700}: 'java.lang.Object java.lang.invoke.DirectMethodHandle$Holder.newInvokeSpecial(java.lang.Object, java.lang.Object, java.lang.Object, int)'> (0x00000000ea776700) 
thrown [c:\sb\prod\1715191057\workspace\open\src\hotspot\share\interpreter\linkResolver.cpp, line 766]
Event: 2.119 Thread 0x000001fadfdc39f0 Exception <a 'java/lang/NoSuchMethodError'{0x00000000ea77b030}: 'java.lang.Object java.lang.invoke.DirectMethodHandle$Holder.invokeSpecial(java.lang.Object, java.lang.Object, java.lang.Object, java.lang.Object, int)'> (0x00000000ea77b030) 
thrown [c:\sb\prod\1715191057\workspace\open\src\hotspot\share\interpreter\linkResolver.cpp, line 766]
Event: 2.119 Thread 0x000001fadfdc39f0 Exception <a 'java/lang/NoSuchMethodError'{0x00000000ea77f148}: 'java.lang.Object java.lang.invoke.Invokers$Holder.linkToTargetMethod(java.lang.Object, java.lang.Object, int, java.lang.Object)'> (0x00000000ea77f148) 
thrown [c:\sb\prod\1715191057\workspace\open\src\hotspot\share\interpreter\linkResolver.cpp, line 766]
Event: 2.178 Thread 0x000001fadfdc39f0 Exception <a 'java/lang/NoSuchMethodError'{0x00000000ea123ec0}: 'int java.lang.invoke.DirectMethodHandle$Holder.invokeVirtual(java.lang.Object, java.lang.Object, java.lang.Object)'> (0x00000000ea123ec0) 
thrown [c:\sb\prod\1715191057\workspace\open\src\hotspot\share\interpreter\linkResolver.cpp, line 766]
Event: 2.193 Thread 0x000001fadfdc39f0 Exception <a 'java/lang/NoSuchMethodError'{0x00000000ea02dd90}: 'int java.lang.invoke.DirectMethodHandle$Holder.invokeSpecialIFC(java.lang.Object, java.lang.Object, java.lang.Object, java.lang.Object)'> (0x00000000ea02dd90) 
thrown [c:\sb\prod\1715191057\workspace\open\src\hotspot\share\interpreter\linkResolver.cpp, line 766]
Event: 2.194 Thread 0x000001fadfdc39f0 Exception <a 'java/lang/NoSuchMethodError'{0x00000000ea03cc00}: 'java.lang.Object java.lang.invoke.DirectMethodHandle$Holder.invokeInterface(java.lang.Object, java.lang.Object, java.lang.Object)'> (0x00000000ea03cc00) 
thrown [c:\sb\prod\1715191057\workspace\open\src\hotspot\share\interpreter\linkResolver.cpp, line 766]
Event: 2.195 Thread 0x000001fadfdc39f0 Exception <a 'java/lang/IncompatibleClassChangeError'{0x00000000ea040818}: Found class java.lang.Object, but interface was expected> (0x00000000ea040818) 
thrown [c:\sb\prod\1715191057\workspace\open\src\hotspot\share\interpreter\linkResolver.cpp, line 833]
Event: 2.236 Thread 0x000001fadfdc39f0 Exception <a 'java/lang/NoSuchMethodError'{0x00000000e9e2c430}: 'int java.lang.invoke.DirectMethodHandle$Holder.invokeStatic(java.lang.Object, java.lang.Object, java.lang.Object, java.lang.Object)'> (0x00000000e9e2c430) 
thrown [c:\sb\prod\1715191057\workspace\open\src\hotspot\share\interpreter\linkResolver.cpp, line 766]
Event: 2.236 Thread 0x000001fadfdc39f0 Exception <a 'java/lang/NoSuchMethodError'{0x00000000e9e30058}: 'java.lang.Object java.lang.invoke.Invokers$Holder.invokeExact_MT(java.lang.Object, java.lang.Object, java.lang.Object, java.lang.Object, java.lang.Object, java.lang.Object)'> (0x00000000e9e30058) 
thrown [c:\sb\prod\1715191057\workspace\open\src\hotspot\share\interpreter\linkResolver.cpp, line 766]

VM Operations (20 events):
Event: 0.889 Executing VM operation: G1CollectForAllocation
Event: 0.893 Executing VM operation: G1CollectForAllocation done
Event: 1.378 Executing VM operation: HandshakeAllThreads
Event: 1.378 Executing VM operation: HandshakeAllThreads done
Event: 1.444 Executing VM operation: HandshakeAllThreads
Event: 1.444 Executing VM operation: HandshakeAllThreads done
Event: 1.468 Executing VM operation: HandshakeAllThreads
Event: 1.468 Executing VM operation: HandshakeAllThreads done
Event: 1.509 Executing VM operation: HandshakeAllThreads
Event: 1.509 Executing VM operation: HandshakeAllThreads done
Event: 1.552 Executing VM operation: HandshakeAllThreads
Event: 1.552 Executing VM operation: HandshakeAllThreads done
Event: 1.699 Executing VM operation: HandshakeAllThreads
Event: 1.699 Executing VM operation: HandshakeAllThreads done
Event: 1.741 Executing VM operation: HandshakeAllThreads
Event: 1.741 Executing VM operation: HandshakeAllThreads done
Event: 1.934 Executing VM operation: ICBufferFull
Event: 1.935 Executing VM operation: ICBufferFull done
Event: 1.996 Executing VM operation: HandshakeAllThreads
Event: 1.996 Executing VM operation: HandshakeAllThreads done

Events (20 events):
Event: 2.164 loading class java/io/File$TempDirectory
Event: 2.164 loading class java/io/File$TempDirectory done
Event: 2.167 loading class java/io/PrintWriter
Event: 2.167 loading class java/io/PrintWriter done
Event: 2.174 loading class java/util/zip/CheckedInputStream
Event: 2.174 loading class java/util/zip/CheckedInputStream done
Event: 2.175 loading class java/io/FilenameFilter
Event: 2.176 loading class java/io/FilenameFilter done
Event: 2.176 loading class java/nio/file/PathMatcher
Event: 2.176 loading class java/nio/file/PathMatcher done
Event: 2.176 loading class java/nio/file/FileVisitor
Event: 2.176 loading class java/nio/file/FileVisitor done
Event: 2.190 loading class java/util/concurrent/Semaphore
Event: 2.190 loading class java/util/concurrent/Semaphore done
Event: 2.192 loading class java/nio/file/FileVisitOption
Event: 2.192 loading class java/nio/file/FileVisitOption done
Event: 2.195 loading class java/util/stream/ReduceOps$1
Event: 2.195 loading class java/util/stream/ReduceOps$1 done
Event: 2.195 loading class java/util/stream/ReduceOps$1ReducingSink
Event: 2.195 loading class java/util/stream/ReduceOps$1ReducingSink done


Dynamic libraries:
0x00007ff62c770000 - 0x00007ff62c77e000 	C:\jw\jdk-17.0.0.1\bin\java.exe
0x00007fff71e80000 - 0x00007fff720e7000 	C:\WINDOWS\SYSTEM32\ntdll.dll
0x00007fff71450000 - 0x00007fff71519000 	C:\WINDOWS\System32\KERNEL32.DLL
0x00007fff6e760000 - 0x00007fff6eb51000 	C:\WINDOWS\System32\KERNELBASE.dll
0x00007fff6efc0000 - 0x00007fff6f10b000 	C:\WINDOWS\System32\ucrtbase.dll
0x00007fff66b80000 - 0x00007fff66b98000 	C:\jw\jdk-17.0.0.1\bin\jli.dll
0x00007fff5d910000 - 0x00007fff5d92a000 	C:\jw\jdk-17.0.0.1\bin\VCRUNTIME140.dll
0x00007fff70f90000 - 0x00007fff71155000 	C:\WINDOWS\System32\USER32.dll
0x00007fff6d960000 - 0x00007fff6dbf3000 	C:\WINDOWS\WinSxS\amd64_microsoft.windows.common-controls_6595b64144ccf1df_6.0.26100.7922_none_3e089e1ee3342171\COMCTL32.dll
0x00007fff6f2d0000 - 0x00007fff6f2f7000 	C:\WINDOWS\System32\win32u.dll
0x00007fff6fd50000 - 0x00007fff6fdf9000 	C:\WINDOWS\System32\msvcrt.dll
0x00007fff6fd20000 - 0x00007fff6fd4b000 	C:\WINDOWS\System32\GDI32.dll
0x00007fff6f110000 - 0x00007fff6f23a000 	C:\WINDOWS\System32\gdi32full.dll
0x00007fff6ef10000 - 0x00007fff6efb3000 	C:\WINDOWS\System32\msvcp_win.dll
0x00007fff70ea0000 - 0x00007fff70ed1000 	C:\WINDOWS\System32\IMM32.DLL
0x00007fff64a50000 - 0x00007fff64a5c000 	C:\jw\jdk-17.0.0.1\bin\vcruntime140_1.dll
0x00007fff4ee90000 - 0x00007fff4ef1d000 	C:\jw\jdk-17.0.0.1\bin\msvcp140.dll
0x00007ffee26f0000 - 0x00007ffee32b0000 	C:\jw\jdk-17.0.0.1\bin\server\jvm.dll
0x00007fff71160000 - 0x00007fff7121b000 	C:\WINDOWS\System32\ADVAPI32.dll
0x00007fff70ee0000 - 0x00007fff70f87000 	C:\WINDOWS\System32\sechost.dll
0x00007fff705f0000 - 0x00007fff70708000 	C:\WINDOWS\System32\RPCRT4.dll
0x00007fff6fe00000 - 0x00007fff6fe08000 	C:\WINDOWS\System32\PSAPI.DLL
0x00007fff5d900000 - 0x00007fff5d90a000 	C:\WINDOWS\SYSTEM32\WSOCK32.dll
0x00007fff491c0000 - 0x00007fff491f5000 	C:\WINDOWS\SYSTEM32\WINMM.dll
0x00007fff71690000 - 0x00007fff71704000 	C:\WINDOWS\System32\WS2_32.dll
0x00007fff6cd80000 - 0x00007fff6cd8b000 	C:\WINDOWS\SYSTEM32\VERSION.dll
0x00007fff6d770000 - 0x00007fff6d78b000 	C:\WINDOWS\SYSTEM32\kernel.appcore.dll
0x00007fff5d8f0000 - 0x00007fff5d8fa000 	C:\jw\jdk-17.0.0.1\bin\jimage.dll
0x00007fff6df10000 - 0x00007fff6e152000 	C:\WINDOWS\SYSTEM32\DBGHELP.DLL
0x00007fff71710000 - 0x00007fff71a92000 	C:\WINDOWS\System32\combase.dll
0x00007fff71220000 - 0x00007fff712f7000 	C:\WINDOWS\System32\OLEAUT32.dll
0x00007fff6de00000 - 0x00007fff6de3b000 	C:\WINDOWS\SYSTEM32\dbgcore.DLL
0x00007fff6fb70000 - 0x00007fff6fc15000 	C:\WINDOWS\System32\bcryptPrimitives.dll
0x00007fff5d8e0000 - 0x00007fff5d8ee000 	C:\jw\jdk-17.0.0.1\bin\instrument.dll
0x00007fff4f5f0000 - 0x00007fff4f615000 	C:\jw\jdk-17.0.0.1\bin\java.dll
0x00007fff4c150000 - 0x00007fff4c226000 	C:\jw\jdk-17.0.0.1\bin\svml.dll
0x00007fff70730000 - 0x00007fff70e8f000 	C:\WINDOWS\System32\SHELL32.dll
0x00007fff6ece0000 - 0x00007fff6ee4a000 	C:\WINDOWS\System32\wintypes.dll
0x00007fff6f300000 - 0x00007fff6fb64000 	C:\WINDOWS\System32\windows.storage.dll
0x00007fff6fc20000 - 0x00007fff6fd17000 	C:\WINDOWS\System32\SHCORE.dll
0x00007fff70580000 - 0x00007fff705e7000 	C:\WINDOWS\System32\shlwapi.dll
0x00007fff6e680000 - 0x00007fff6e6a9000 	C:\WINDOWS\SYSTEM32\profapi.dll
0x00007fff5d870000 - 0x00007fff5d888000 	C:\jw\jdk-17.0.0.1\bin\zip.dll
0x00007fff4ee70000 - 0x00007fff4ee89000 	C:\jw\jdk-17.0.0.1\bin\net.dll
0x00007fff650e0000 - 0x00007fff65207000 	C:\WINDOWS\SYSTEM32\WINHTTP.dll
0x00007fff6c980000 - 0x00007fff6c9eb000 	C:\WINDOWS\system32\mswsock.dll
0x00007fff4eb20000 - 0x00007fff4eb35000 	C:\jw\jdk-17.0.0.1\bin\nio.dll
0x00007fff540f0000 - 0x00007fff54100000 	C:\jw\jdk-17.0.0.1\bin\verify.dll
0x00007fff5d930000 - 0x00007fff5d957000 	C:\Users\15UD5.N-GR56K\.gradle\native\c067742578af261105cb4f569cf0c3c89f3d7b1fecec35dd04571415982c5e48\windows-amd64\native-platform.dll
0x00007fff451b0000 - 0x00007fff452f4000 	C:\Users\15UD5.N-GR56K\.gradle\native\100fb08df4bc3b14c8652ba06237920a3bd2aa13389f12d3474272988ae205f9\windows-amd64\native-platform-file-events.dll
0x00007fff514c0000 - 0x00007fff514c9000 	C:\jw\jdk-17.0.0.1\bin\management.dll
0x00007fff4f5e0000 - 0x00007fff4f5eb000 	C:\jw\jdk-17.0.0.1\bin\management_ext.dll
0x00007fff6e280000 - 0x00007fff6e29b000 	C:\WINDOWS\SYSTEM32\CRYPTSP.dll
0x00007fff6c440000 - 0x00007fff6c479000 	C:\WINDOWS\system32\rsaenh.dll
0x00007fff6ca30000 - 0x00007fff6ca62000 	C:\WINDOWS\SYSTEM32\USERENV.dll
0x00007fff6e650000 - 0x00007fff6e67a000 	C:\WINDOWS\SYSTEM32\bcrypt.dll
0x00007fff6cbe0000 - 0x00007fff6cbec000 	C:\WINDOWS\SYSTEM32\CRYPTBASE.dll
0x00007fff6bed0000 - 0x00007fff6bf03000 	C:\WINDOWS\SYSTEM32\IPHLPAPI.DLL
0x00007fff71680000 - 0x00007fff7168a000 	C:\WINDOWS\System32\NSI.dll
0x00007fff652d0000 - 0x00007fff652ed000 	C:\WINDOWS\SYSTEM32\dhcpcsvc6.DLL
0x00007fff652a0000 - 0x00007fff652c3000 	C:\WINDOWS\SYSTEM32\dhcpcsvc.DLL
0x00007fff6bf60000 - 0x00007fff6c08a000 	C:\WINDOWS\SYSTEM32\DNSAPI.dll
0x00007fff4f580000 - 0x00007fff4f58e000 	C:\jw\jdk-17.0.0.1\bin\sunmscapi.dll
0x00007fff6eb60000 - 0x00007fff6ecd7000 	C:\WINDOWS\System32\CRYPT32.dll
0x00007fff6d820000 - 0x00007fff6d850000 	C:\WINDOWS\SYSTEM32\ncrypt.dll
0x00007fff6d710000 - 0x00007fff6d74f000 	C:\WINDOWS\SYSTEM32\NTASN1.dll
0x00007fff648f0000 - 0x00007fff648f8000 	C:\WINDOWS\system32\wshunix.dll

dbghelp: loaded successfully - version: 4.0.5 - missing functions: none
symbol engine: initialized successfully - sym options: 0x614 - pdb path: .;C:\jw\jdk-17.0.0.1\bin;C:\WINDOWS\SYSTEM32;C:\WINDOWS\WinSxS\amd64_microsoft.windows.common-controls_6595b64144ccf1df_6.0.26100.7922_none_3e089e1ee3342171;C:\jw\jdk-17.0.0.1\bin\server;C:\Users\15UD5.N-GR56K\.gradle\native\c067742578af261105cb4f569cf0c3c89f3d7b1fecec35dd04571415982c5e48\windows-amd64;C:\Users\15UD5.N-GR56K\.gradle\native\100fb08df4bc3b14c8652ba06237920a3bd2aa13389f12d3474272988ae205f9\windows-amd64

VM Arguments:
jvm_args: --add-opens=java.base/java.util=ALL-UNNAMED --add-opens=java.base/java.lang=ALL-UNNAMED --add-opens=java.base/java.lang.invoke=ALL-UNNAMED --add-opens=java.prefs/java.util.prefs=ALL-UNNAMED --add-opens=java.base/java.nio.charset=ALL-UNNAMED --add-opens=java.base/java.net=ALL-UNNAMED --add-opens=java.base/java.util.concurrent.atomic=ALL-UNNAMED -XX:MaxMetaspaceSize=384m -XX:+HeapDumpOnOutOfMemoryError -Xms256m -Xmx512m -Dfile.encoding=UTF-8 -Duser.country=KR -Duser.language=ko -Duser.variant -javaagent:C:\Users\15UD5.N-GR56K\.gradle\wrapper\dists\gradle-8.8-bin\dl7vupf4psengwqhwktix4v1\gradle-8.8\lib\agents\gradle-instrumentation-agent-8.8.jar 
java_command: org.gradle.launcher.daemon.bootstrap.GradleDaemon 8.8
java_class_path (initial): C:\Users\15UD5.N-GR56K\.gradle\wrapper\dists\gradle-8.8-bin\dl7vupf4psengwqhwktix4v1\gradle-8.8\lib\gradle-launcher-8.8.jar
Launcher Type: SUN_STANDARD

[Global flags]
     intx CICompilerCount                          = 4                                         {product} {ergonomic}
   size_t CompressedClassSpaceSize                 = 322961408                                 {product} {ergonomic}
     uint ConcGCThreads                            = 2                                         {product} {ergonomic}
     uint G1ConcRefinementThreads                  = 8                                         {product} {ergonomic}
   size_t G1HeapRegionSize                         = 1048576                                   {product} {ergonomic}
    uintx GCDrainStackTargetSize                   = 64                                        {product} {ergonomic}
     bool HeapDumpOnOutOfMemoryError               = true                                   {manageable} {command line}
   size_t InitialHeapSize                          = 268435456                                 {product} {command line}
   size_t MarkStackSize                            = 4194304                                   {product} {ergonomic}
   size_t MaxHeapSize                              = 536870912                                 {product} {command line}
   size_t MaxMetaspaceSize                         = 402653184                                 {product} {command line}
   size_t MaxNewSize                               = 321912832                                 {product} {ergonomic}
   size_t MinHeapDeltaBytes                        = 1048576                                   {product} {ergonomic}
   size_t MinHeapSize                              = 268435456                                 {product} {command line}
    uintx NonNMethodCodeHeapSize                   = 5839372                                {pd product} {ergonomic}
    uintx NonProfiledCodeHeapSize                  = 122909434                              {pd product} {ergonomic}
    uintx ProfiledCodeHeapSize                     = 122909434                              {pd product} {ergonomic}
    uintx ReservedCodeCacheSize                    = 251658240                              {pd product} {ergonomic}
     bool SegmentedCodeCache                       = true                                      {product} {ergonomic}
   size_t SoftMaxHeapSize                          = 536870912                              {manageable} {ergonomic}
     bool UseCompressedClassPointers               = true                           {product lp64_product} {ergonomic}
     bool UseCompressedOops                        = true                           {product lp64_product} {ergonomic}
     bool UseG1GC                                  = true                                      {product} {ergonomic}
     bool UseLargePagesIndividualAllocation        = false                                  {pd product} {ergonomic}

Logging:
Log output configuration:
 #0: stdout all=warning uptime,level,tags
 #1: stderr all=off uptime,level,tags

Environment Variables:
PATH=C:\WINDOWS\system32;C:\WINDOWS;C:\WINDOWS\System32\Wbem;C:\WINDOWS\System32\WindowsPowerShell\v1.0\;C:\WINDOWS\System32\OpenSSH\;%JAVA_HOME%\bin;C:\Program Files\Git\cmd;C:\Users\15UD5.N-GR56K\AppData\Local\Microsoft\WindowsApps;C:\Users\15UD5.N-GR56K\AppData\Local\Programs\Microsoft VS Code\bin
USERNAME=15UD5.N-GR56K
OS=Windows_NT
PROCESSOR_IDENTIFIER=Intel64 Family 6 Model 142 Stepping 12, GenuineIntel



---------------  S Y S T E M  ---------------

OS:
 Windows 10 , 64 bit Build 26100 (10.0.26100.7920)
OS uptime: 0 days 6:59 hours
Hyper-V role detected

CPU: total 8 (initial active 8) (4 cores per cpu, 2 threads per core) family 6 model 142 stepping 12 microcode 0xde, cx8, cmov, fxsr, ht, mmx, 3dnowpref, sse, sse2, sse3, ssse3, sse4.1, sse4.2, popcnt, lzcnt, tsc, tscinvbit, avx, avx2, aes, erms, clmul, bmi1, bmi2, adx, fma, vzeroupper, clflush, clflushopt, hv

Memory: 4k page, system-wide physical 16253M (6525M free)
TotalPageFile size 33661M (AvailPageFile size 23705M)
current process WorkingSet (physical memory assigned to process): 244M, peak: 244M
current process commit charge ("private bytes"): 437M, peak: 437M

vm_info: OpenJDK 64-Bit Server VM (17.0.0.1+2-3) for windows-amd64 JRE (17.0.0.1+2-3), built on May  8 2024 19:05:00 by "mach5one" with MS VC++ 16.8 (VS2019)

END.
